Current process ID: 9938
/data/home/liuyulong/auto_discovery/kdv/001_G_9938
Using device: cuda:0
load module
load data with noise = 0 Nm = 3000 Nf = 3000
tensor([[True],
        [True],
        [True],
        [True],
        [True],
        [True],
        [True],
        [True],
        [True],
        [True],
        [True],
        [True],
        [True],
        [True],
        [True],
        [True]])
Iter 0, Loss: 1.62368e-01, Loss_m: 1.10110e-01, Loss_f: 1.52869e-03,Loss_ut: 5.21057e-02,Loss_l: 0.000e+00,lam:7.99266e-02,u_tt_norm:1.529e-03, time: 0.33
log_loss_f_min -6.483341919518036 log_loss_min -1.8178877151805015
Iter 1000, Loss: 7.89951e-04, Loss_m: 3.97640e-04, Loss_f: 1.04638e-05,Loss_ut: 3.91265e-04,Loss_l: 2.630e+00,lam:2.63202e+00,u_tt_norm:1.529e-03, time: 13.81
log_loss_f_min -11.484894700423261 log_loss_min -7.143539333343541
Iter 2000, Loss: 5.47214e-04, Loss_m: 3.11249e-04, Loss_f: 9.45840e-06,Loss_ut: 2.35020e-04,Loss_l: 2.381e+00,lam:2.38126e+00,u_tt_norm:1.509e-03, time: 13.70
log_loss_f_min -11.587118734650154 log_loss_min -7.600230688495749
Iter 3000, Loss: 4.14427e-04, Loss_m: 2.71946e-04, Loss_f: 1.11686e-05,Loss_ut: 1.41364e-04,Loss_l: 2.807e+00,lam:2.80593e+00,u_tt_norm:1.648e-03, time: 13.72
log_loss_f_min -11.587118734650154 log_loss_min -7.788871500375136
Iter 4000, Loss: 4.36787e-04, Loss_m: 2.73754e-04, Loss_f: 1.56583e-05,Loss_ut: 1.61468e-04,Loss_l: 3.355e+00,lam:3.35740e+00,u_tt_norm:1.698e-03, time: 13.71
log_loss_f_min -11.587118734650154 log_loss_min -7.891165519241306
Iter 5000, Loss: 4.54056e-04, Loss_m: 2.63166e-04, Loss_f: 1.76946e-05,Loss_ut: 1.89120e-04,Loss_l: 4.551e+00,lam:4.55057e+00,u_tt_norm:1.714e-03, time: 13.73
log_loss_f_min -11.587118734650154 log_loss_min -7.962269322779012
u_tt = (-0.000346 )
    + (-0.017159 )u
    + (0.031690 )u**2
    + (0.187994 )u**3
    + (-0.811790 )u_x
    + (-1.136841 )u*u_x(-6)
    + (0.544386 )u**2*u_x
    + (0.996964 )u**3*u_x
    + (-0.001900 )u_xx.
    + (0.227318 )u*u_xx
    + (0.004023 )u**2*u_xx
    + (0.117792 )u**3*u_xx
    + (-0.154809 )u_xxx(-1)
    + (0.086639 )u*u_xxx
    + (0.056381 )u**2*u_xxx
    + (-0.174536 )u**3*u_xxx
   
Iter 0, Loss: 6.66828e-04, Loss_m: 2.61934e-04, Loss_f: 1.82812e-05,Loss_ut: 3.86567e-04,Loss_l: 4.551e+00,lam:4.54603e+00,u_tt_norm:1.732e-03, time: 0.02
log_loss_f_min -10.909638342077082 log_loss_min -7.31297839962776
Iter 1000, Loss: 4.76860e-04, Loss_m: 2.89039e-04, Loss_f: 2.98817e-05,Loss_ut: 1.57897e-04,Loss_l: 4.236e+00,lam:4.23756e+00,u_tt_norm:1.732e-03, time: 13.72
log_loss_f_min -12.217388173336575 log_loss_min -7.811480068774339
Iter 2000, Loss: 3.76542e-04, Loss_m: 2.72214e-04, Loss_f: 4.36597e-06,Loss_ut: 9.99157e-05,Loss_l: 4.574e+00,lam:4.57358e+00,u_tt_norm:1.889e-03, time: 13.77
log_loss_f_min -12.368879534269249 log_loss_min -7.887784837051178
Iter 3000, Loss: 3.63125e-04, Loss_m: 2.67824e-04, Loss_f: 4.44394e-06,Loss_ut: 9.08078e-05,Loss_l: 4.987e+00,lam:4.98696e+00,u_tt_norm:1.935e-03, time: 13.94
log_loss_f_min -12.396723154229445 log_loss_min -7.93470106940338
Iter 4000, Loss: 3.48308e-04, Loss_m: 2.63637e-04, Loss_f: 4.89612e-06,Loss_ut: 7.97159e-05,Loss_l: 5.868e+00,lam:5.86904e+00,u_tt_norm:1.940e-03, time: 13.73
log_loss_f_min -12.404730498818816 log_loss_min -7.970379405796568
Iter 5000, Loss: 3.40254e-04, Loss_m: 2.60798e-04, Loss_f: 6.10883e-06,Loss_ut: 7.32784e-05,Loss_l: 6.870e+00,lam:6.87318e+00,u_tt_norm:1.960e-03, time: 13.75
log_loss_f_min -12.404730498818816 log_loss_min -8.000580585832353
u_tt = (-0.000247 )
    + (-0.020692 )u
    + (0.097119 )u**2
    + (-0.088798 )u**3
    + (-0.720311 )u_x
    + (-1.696911 )u*u_x(-6)
    + (0.976953 )u**2*u_x
    + (2.066851 )u**3*u_x
    + (0.040401 )u_xx.
    + (-0.011749 )u*u_xx
    + (-0.032968 )u**2*u_xx
    + (-0.074481 )u**3*u_xx
    + (-0.192350 )u_xxx(-1)
    + (-0.010829 )u*u_xxx
    + (0.690137 )u**2*u_xxx
    + (-0.152378 )u**3*u_xxx
   
Iter 0, Loss: 3.59848e-04, Loss_m: 2.60981e-04, Loss_f: 5.71067e-06,Loss_ut: 9.24684e-05,Loss_l: 6.873e+00,lam:6.86950e+00,u_tt_norm:1.946e-03, time: 0.03
log_loss_f_min -12.07317357686017 log_loss_min -7.929830061765796
Iter 1000, Loss: 3.39619e-04, Loss_m: 2.64207e-04, Loss_f: 4.36386e-06,Loss_ut: 7.04322e-05,Loss_l: 6.160e+00,lam:6.15897e+00,u_tt_norm:1.946e-03, time: 13.82
log_loss_f_min -12.385806573501103 log_loss_min -7.987685127269542
Iter 2000, Loss: 3.31726e-04, Loss_m: 2.62741e-04, Loss_f: 4.68434e-06,Loss_ut: 6.37563e-05,Loss_l: 5.447e+00,lam:5.44608e+00,u_tt_norm:2.027e-03, time: 13.71
log_loss_f_min -12.385806573501103 log_loss_min -8.012335278669639
Iter 3000, Loss: 3.25959e-04, Loss_m: 2.61643e-04, Loss_f: 4.79208e-06,Loss_ut: 5.90401e-05,Loss_l: 4.834e+00,lam:4.83533e+00,u_tt_norm:2.037e-03, time: 13.72
log_loss_f_min -12.385806573501103 log_loss_min -8.03298451591874
Iter 4000, Loss: 3.19564e-04, Loss_m: 2.60507e-04, Loss_f: 4.89194e-06,Loss_ut: 5.37045e-05,Loss_l: 4.604e+00,lam:4.60341e+00,u_tt_norm:2.041e-03, time: 13.73
log_loss_f_min -12.385806573501103 log_loss_min -8.048552210884326
Iter 5000, Loss: 3.15539e-04, Loss_m: 2.59586e-04, Loss_f: 4.94519e-06,Loss_ut: 5.05563e-05,Loss_l: 4.510e+00,lam:4.51017e+00,u_tt_norm:2.043e-03, time: 13.68
log_loss_f_min -12.385806573501103 log_loss_min -8.061228960682476
Iter 6000, Loss: 3.12212e-04, Loss_m: 2.58615e-04, Loss_f: 4.99952e-06,Loss_ut: 4.81553e-05,Loss_l: 4.420e+00,lam:4.41963e+00,u_tt_norm:2.046e-03, time: 13.93
log_loss_f_min -12.385806573501103 log_loss_min -8.072348838748448
Iter 7000, Loss: 3.12054e-04, Loss_m: 2.57848e-04, Loss_f: 6.04885e-06,Loss_ut: 4.77294e-05,Loss_l: 4.280e+00,lam:4.27969e+00,u_tt_norm:2.049e-03, time: 13.68
log_loss_f_min -12.385806573501103 log_loss_min -8.082227881859119
Iter 8000, Loss: 3.06042e-04, Loss_m: 2.56597e-04, Loss_f: 4.87486e-06,Loss_ut: 4.41580e-05,Loss_l: 4.119e+00,lam:4.11856e+00,u_tt_norm:2.047e-03, time: 13.66
log_loss_f_min -12.385806573501103 log_loss_min -8.091838142683637
Iter 9000, Loss: 3.03680e-04, Loss_m: 2.55897e-04, Loss_f: 4.80085e-06,Loss_ut: 4.25826e-05,Loss_l: 4.000e+00,lam:4.00028e+00,u_tt_norm:2.051e-03, time: 13.85
log_loss_f_min -12.385806573501103 log_loss_min -8.099737545877733
Iter 10000, Loss: 3.01358e-04, Loss_m: 2.55156e-04, Loss_f: 4.71811e-06,Loss_ut: 4.10871e-05,Loss_l: 3.976e+00,lam:3.97522e+00,u_tt_norm:2.053e-03, time: 13.71
log_loss_f_min -12.385806573501103 log_loss_min -8.107358150496125
Train 1
tensor([ 5.9184e-05, -1.2509e-04, -3.0799e-04, -9.0178e-04, -1.1052e-03,
         1.1487e-03], device='cuda:0', grad_fn=<IndexBackward0>)
prev_mask tensor([[False],
        [False],
        [False],
        [False],
        [False],
        [False],
        [False],
        [False],
        [False],
        [False],
        [False],
        [False],
        [False],
        [False],
        [False],
        [False]], device='cuda:0')
mask tensor([[ True],
        [False],
        [False],
        [ True],
        [False],
        [False],
        [ True],
        [ True],
        [False],
        [ True],
        [False],
        [False],
        [False],
        [False],
        [ True],
        [False]], device='cuda:0')
Pruning the smallest 6 weights for lambda_1.
Iter 0, Loss: 7.54192e-04, Loss_m: 2.55053e-04, Loss_f: 4.74793e-06,Loss_ut: 4.11944e-05,Loss_l: 3.972e+00,lam:3.96558e+00,u_tt_norm:2.052e-03, time: 0.03
log_loss_f_min -12.257802445566119 log_loss_min -7.189863418357329
Iter 1000, Loss: 6.09419e-04, Loss_m: 3.11919e-04, Loss_f: 3.25269e-06,Loss_ut: 2.29458e-05,Loss_l: 3.551e+00,lam:3.55135e+00,u_tt_norm:2.052e-03, time: 13.82
log_loss_f_min -12.642656190673316 log_loss_min -7.41645368911299
Iter 2000, Loss: 6.37459e-04, Loss_m: 3.17347e-04, Loss_f: 3.36835e-06,Loss_ut: 2.51685e-05,Loss_l: 3.474e+00,lam:3.47380e+00,u_tt_norm:1.978e-03, time: 13.70
log_loss_f_min -12.728663196143003 log_loss_min -7.452555329730698
Iter 3000, Loss: 5.66213e-04, Loss_m: 3.16411e-04, Loss_f: 2.88275e-06,Loss_ut: 1.86459e-05,Loss_l: 3.451e+00,lam:3.45124e+00,u_tt_norm:1.975e-03, time: 13.70
log_loss_f_min -12.78736261847749 log_loss_min -7.478222681240606
Iter 4000, Loss: 5.52612e-04, Loss_m: 3.15297e-04, Loss_f: 2.76657e-06,Loss_ut: 1.75068e-05,Loss_l: 3.458e+00,lam:3.45816e+00,u_tt_norm:1.983e-03, time: 13.71
log_loss_f_min -12.812726755370829 log_loss_min -7.500853784448159
Iter 5000, Loss: 5.42079e-04, Loss_m: 3.14669e-04, Loss_f: 2.69560e-06,Loss_ut: 1.65672e-05,Loss_l: 3.478e+00,lam:3.47827e+00,u_tt_norm:1.987e-03, time: 13.75
log_loss_f_min -12.841656561906543 log_loss_min -7.520099273210314
Iter 6000, Loss: 5.36364e-04, Loss_m: 3.14292e-04, Loss_f: 2.69884e-06,Loss_ut: 1.59999e-05,Loss_l: 3.508e+00,lam:3.50844e+00,u_tt_norm:1.992e-03, time: 13.77
log_loss_f_min -12.86344660542762 log_loss_min -7.536336315409221
Iter 7000, Loss: 5.24903e-04, Loss_m: 3.13204e-04, Loss_f: 2.59067e-06,Loss_ut: 1.50314e-05,Loss_l: 3.548e+00,lam:3.54818e+00,u_tt_norm:1.995e-03, time: 13.73
log_loss_f_min -12.897225954313308 log_loss_min -7.552535839867553
Iter 8000, Loss: 5.17047e-04, Loss_m: 3.12436e-04, Loss_f: 2.49732e-06,Loss_ut: 1.43639e-05,Loss_l: 3.600e+00,lam:3.60019e+00,u_tt_norm:1.999e-03, time: 13.70
log_loss_f_min -12.919028275784603 log_loss_min -7.5673769836101545
Iter 9000, Loss: 5.15567e-04, Loss_m: 3.12030e-04, Loss_f: 2.48767e-06,Loss_ut: 1.42155e-05,Loss_l: 3.651e+00,lam:3.65064e+00,u_tt_norm:2.005e-03, time: 13.70
log_loss_f_min -12.93796149197448 log_loss_min -7.579949840571899
Iter 10000, Loss: 5.04837e-04, Loss_m: 3.11103e-04, Loss_f: 2.37183e-06,Loss_ut: 1.32873e-05,Loss_l: 3.714e+00,lam:3.71439e+00,u_tt_norm:2.011e-03, time: 13.70
log_loss_f_min -12.969690827634663 log_loss_min -7.592128146470995
u_tt = (-0.000737 )u
    + (0.000912 )u**2
    + (-0.532771 )u_x
    + (-2.689886 )u*u_x(-6)
    + (0.003958 )u_xx.
    + (-0.000046 )u**2*u_xx
    + (-0.000135 )u**3*u_xx
    + (-0.485713 )u_xxx(-1)
    + (0.000031 )u*u_xxx
    + (-0.000199 )u**3*u_xxx
   
tensor([ 3.1419e-05, -4.5896e-05, -1.3472e-04, -1.9905e-04, -7.3748e-04,
         9.1239e-04], device='cuda:0', grad_fn=<IndexBackward0>)
prev_mask tensor([[ True],
        [False],
        [False],
        [ True],
        [False],
        [False],
        [ True],
        [ True],
        [False],
        [ True],
        [False],
        [False],
        [False],
        [False],
        [ True],
        [False]], device='cuda:0')
mask tensor([[ True],
        [ True],
        [ True],
        [ True],
        [False],
        [False],
        [ True],
        [ True],
        [False],
        [ True],
        [ True],
        [ True],
        [False],
        [ True],
        [ True],
        [ True]], device='cuda:0')
Pruning the smallest 6 weights for lambda_1.
Iter 0, Loss: 5.04716e-04, Loss_m: 3.11362e-04, Loss_f: 2.36549e-06,Loss_ut: 1.32576e-05,Loss_l: 3.712e+00,lam:3.71432e+00,u_tt_norm:2.012e-03, time: 0.01
log_loss_f_min -12.95452470046618 log_loss_min -7.5915139544400825
Iter 1000, Loss: 5.38681e-04, Loss_m: 3.11749e-04, Loss_f: 2.63191e-06,Loss_ut: 1.63293e-05,Loss_l: 3.732e+00,lam:3.73203e+00,u_tt_norm:2.012e-03, time: 13.66
log_loss_f_min -12.96988270799248 log_loss_min -7.597586702531255
Iter 2000, Loss: 4.98119e-04, Loss_m: 3.10449e-04, Loss_f: 2.29474e-06,Loss_ut: 1.27054e-05,Loss_l: 3.767e+00,lam:3.76690e+00,u_tt_norm:2.013e-03, time: 13.64
log_loss_f_min -12.99698763843883 log_loss_min -7.606838433677339
Iter 3000, Loss: 5.02599e-04, Loss_m: 3.10479e-04, Loss_f: 2.53371e-06,Loss_ut: 1.28535e-05,Loss_l: 3.825e+00,lam:3.82473e+00,u_tt_norm:2.018e-03, time: 13.68
log_loss_f_min -13.033950364855382 log_loss_min -7.616313216029341
Iter 4000, Loss: 4.88821e-04, Loss_m: 3.09967e-04, Loss_f: 2.16584e-06,Loss_ut: 1.18474e-05,Loss_l: 3.872e+00,lam:3.87223e+00,u_tt_norm:2.013e-03, time: 13.67
log_loss_f_min -13.059582992948954 log_loss_min -7.625726934798514
Iter 5000, Loss: 5.28862e-04, Loss_m: 3.10164e-04, Loss_f: 2.32634e-06,Loss_ut: 1.56220e-05,Loss_l: 3.921e+00,lam:3.92148e+00,u_tt_norm:2.021e-03, time: 13.69
log_loss_f_min -13.087847971352659 log_loss_min -7.634183441860296
Iter 6000, Loss: 4.92025e-04, Loss_m: 3.09221e-04, Loss_f: 2.41646e-06,Loss_ut: 1.18955e-05,Loss_l: 3.968e+00,lam:3.96831e+00,u_tt_norm:2.017e-03, time: 13.75
log_loss_f_min -13.11210073257105 log_loss_min -7.64316111790218
Iter 7000, Loss: 4.79906e-04, Loss_m: 3.08275e-04, Loss_f: 2.04368e-06,Loss_ut: 1.11139e-05,Loss_l: 4.006e+00,lam:4.00562e+00,u_tt_norm:2.022e-03, time: 14.30
log_loss_f_min -13.134189618322162 log_loss_min -7.651110844825357
Iter 8000, Loss: 5.20844e-04, Loss_m: 3.08949e-04, Loss_f: 3.54151e-06,Loss_ut: 1.35992e-05,Loss_l: 4.049e+00,lam:4.04867e+00,u_tt_norm:2.028e-03, time: 14.41
log_loss_f_min -13.164972716275454 log_loss_min -7.658527040928503
Iter 9000, Loss: 4.75668e-04, Loss_m: 3.08091e-04, Loss_f: 1.91647e-06,Loss_ut: 1.07569e-05,Loss_l: 4.084e+00,lam:4.08442e+00,u_tt_norm:2.026e-03, time: 14.11
log_loss_f_min -13.182947327553716 log_loss_min -7.66572615257321
Iter 10000, Loss: 4.65526e-04, Loss_m: 3.07853e-04, Loss_f: 1.87021e-06,Loss_ut: 9.78203e-06,Loss_l: 4.115e+00,lam:4.11509e+00,u_tt_norm:2.029e-03, time: 14.12
log_loss_f_min -13.22013676843278 log_loss_min -7.672432111612326
u_tt = (-0.465986 )u_x
    + (-3.093828 )u*u_x(-6)
    + (0.004304 )u_xx.
    + (-0.550976 )u_xxx(-1)
   
Pruning the smallest weight for lambda_1.
Iter 0, Loss: 4.65960e-04, Loss_m: 3.07784e-04, Loss_f: 1.88815e-06,Loss_ut: 9.81869e-06,Loss_l: 4.111e+00,lam:4.11179e+00,u_tt_norm:2.034e-03, time: 0.02
log_loss_f_min -13.17991256496016 log_loss_min -7.671410932447014
Iter 1000, Loss: 4.63917e-04, Loss_m: 3.07767e-04, Loss_f: 1.84069e-06,Loss_ut: 9.65432e-06,Loss_l: 4.120e+00,lam:4.12005e+00,u_tt_norm:2.034e-03, time: 14.22
log_loss_f_min -13.205374594082386 log_loss_min -7.675805449633444
Iter 2000, Loss: 5.18384e-04, Loss_m: 3.08415e-04, Loss_f: 3.62516e-06,Loss_ut: 1.32337e-05,Loss_l: 4.138e+00,lam:4.13738e+00,u_tt_norm:2.035e-03, time: 14.61
log_loss_f_min -13.229568674531636 log_loss_min -7.681096378906324
Iter 3000, Loss: 4.59675e-04, Loss_m: 3.07317e-04, Loss_f: 1.76477e-06,Loss_ut: 9.28803e-06,Loss_l: 4.183e+00,lam:4.18316e+00,u_tt_norm:2.029e-03, time: 14.24
log_loss_f_min -13.254653157669747 log_loss_min -7.686608852564265
Iter 4000, Loss: 4.99929e-04, Loss_m: 3.08242e-04, Loss_f: 1.79119e-06,Loss_ut: 1.31596e-05,Loss_l: 4.218e+00,lam:4.21793e+00,u_tt_norm:2.038e-03, time: 14.12
log_loss_f_min -13.274532709668875 log_loss_min -7.692380902628057
Iter 5000, Loss: 5.25983e-04, Loss_m: 3.09586e-04, Loss_f: 1.99384e-06,Loss_ut: 1.53949e-05,Loss_l: 4.251e+00,lam:4.25092e+00,u_tt_norm:2.036e-03, time: 14.05
log_loss_f_min -13.298012908518558 log_loss_min -7.697966692121381
Iter 6000, Loss: 4.51408e-04, Loss_m: 3.06820e-04, Loss_f: 1.65457e-06,Loss_ut: 8.52516e-06,Loss_l: 4.279e+00,lam:4.27913e+00,u_tt_norm:2.036e-03, time: 14.15
log_loss_f_min -13.314571401259608 log_loss_min -7.703138892260507
Iter 7000, Loss: 4.50196e-04, Loss_m: 3.06615e-04, Loss_f: 1.63687e-06,Loss_ut: 8.41831e-06,Loss_l: 4.303e+00,lam:4.30301e+00,u_tt_norm:2.042e-03, time: 14.42
log_loss_f_min -13.339095468433307 log_loss_min -7.7078207425954925
Iter 8000, Loss: 4.47517e-04, Loss_m: 3.06603e-04, Loss_f: 1.60164e-06,Loss_ut: 8.15548e-06,Loss_l: 4.334e+00,lam:4.33429e+00,u_tt_norm:2.043e-03, time: 14.43
log_loss_f_min -13.349810685215726 log_loss_min -7.712796628056029
Iter 9000, Loss: 4.45291e-04, Loss_m: 3.06261e-04, Loss_f: 1.57509e-06,Loss_ut: 7.97201e-06,Loss_l: 4.356e+00,lam:4.35602e+00,u_tt_norm:2.044e-03, time: 14.79
log_loss_f_min -13.371577766556342 log_loss_min -7.717215083274541
Iter 10000, Loss: 4.46654e-04, Loss_m: 3.06343e-04, Loss_f: 1.56895e-06,Loss_ut: 8.08040e-06,Loss_l: 4.382e+00,lam:4.38185e+00,u_tt_norm:2.046e-03, time: 14.76
log_loss_f_min -13.393745475620056 log_loss_min -7.721170726271138
u_tt = (-0.420802 )u_x
    + (-3.365940 )u*u_x(-6)
    + (-0.595108 )u_xxx(-1)
   
Pruning the smallest weight for lambda_1.
Iter 0, Loss: 4.51140e-03, Loss_m: 3.06195e-04, Loss_f: 4.08643e-04,Loss_ut: 7.91653e-06,Loss_l: 3.961e+00,lam:3.96105e+00,u_tt_norm:2.045e-03, time: 0.02
log_loss_f_min -7.8026676869376566 log_loss_min -5.401146795471825
Iter 1000, Loss: 7.97400e-04, Loss_m: 3.62312e-04, Loss_f: 1.23006e-05,Loss_ut: 2.67249e-05,Loss_l: 4.483e+00,lam:4.48408e+00,u_tt_norm:2.045e-03, time: 14.85
log_loss_f_min -11.305861904710127 log_loss_min -7.1341535162181495
Iter 2000, Loss: 6.13613e-04, Loss_m: 3.37293e-04, Loss_f: 6.08039e-06,Loss_ut: 1.63704e-05,Loss_l: 5.181e+00,lam:5.18192e+00,u_tt_norm:1.777e-03, time: 14.84
log_loss_f_min -12.019908478792654 log_loss_min -7.396493093482252
Iter 3000, Loss: 5.31124e-04, Loss_m: 3.23563e-04, Loss_f: 3.54662e-06,Loss_ut: 1.14441e-05,Loss_l: 5.765e+00,lam:5.76587e+00,u_tt_norm:1.939e-03, time: 14.85
log_loss_f_min -12.549515438460679 log_loss_min -7.540515682405332
Iter 4000, Loss: 4.93076e-04, Loss_m: 3.15517e-04, Loss_f: 2.58216e-06,Loss_ut: 8.95257e-06,Loss_l: 6.221e+00,lam:6.22149e+00,u_tt_norm:2.014e-03, time: 14.87
log_loss_f_min -12.87648424667921 log_loss_min -7.614885389476887
Iter 5000, Loss: 4.80388e-04, Loss_m: 3.11821e-04, Loss_f: 2.21528e-06,Loss_ut: 8.09689e-06,Loss_l: 6.545e+00,lam:6.54479e+00,u_tt_norm:2.047e-03, time: 15.11
log_loss_f_min -13.055335149394683 log_loss_min -7.647080380374882
Iter 6000, Loss: 4.70034e-04, Loss_m: 3.09750e-04, Loss_f: 1.90485e-06,Loss_ut: 7.38228e-06,Loss_l: 6.741e+00,lam:6.74143e+00,u_tt_norm:2.057e-03, time: 14.88
log_loss_f_min -13.17181949033534 log_loss_min -7.662711733677278
Iter 7000, Loss: 4.95070e-04, Loss_m: 3.09138e-04, Loss_f: 2.80394e-06,Loss_ut: 8.94715e-06,Loss_l: 6.842e+00,lam:6.84209e+00,u_tt_norm:2.057e-03, time: 15.01
log_loss_f_min -13.252680316962731 log_loss_min -7.670699953873763
Iter 8000, Loss: 4.62616e-04, Loss_m: 3.08313e-04, Loss_f: 1.63867e-06,Loss_ut: 6.89830e-06,Loss_l: 6.893e+00,lam:6.89345e+00,u_tt_norm:2.051e-03, time: 15.08
log_loss_f_min -13.324524230060911 log_loss_min -7.678612386490583
Iter 9000, Loss: 6.75007e-04, Loss_m: 3.10169e-04, Loss_f: 7.04862e-06,Loss_ut: 2.25080e-05,Loss_l: 6.927e+00,lam:6.92708e+00,u_tt_norm:2.055e-03, time: 14.92
log_loss_f_min -13.373955664958743 log_loss_min -7.684101468062314
Iter 10000, Loss: 4.57926e-04, Loss_m: 3.07730e-04, Loss_f: 1.48585e-06,Loss_ut: 6.58710e-06,Loss_l: 6.947e+00,lam:6.94673e+00,u_tt_norm:2.061e-03, time: 14.88
log_loss_f_min -13.42568695243827 log_loss_min -7.688803820258506
u_tt = (-5.932740 )u*u_x(-6)
    + (-1.013990 )u_xxx(-1)
   
Pruning the smallest weight for lambda_1.
Iter 0, Loss: 1.95270e-02, Loss_m: 3.07907e-04, Loss_f: 1.90940e-03,Loss_ut: 6.57536e-06,Loss_l: 5.933e+00,lam:5.93174e+00,u_tt_norm:2.055e-03, time: 0.02
log_loss_f_min -6.260967326557953 log_loss_min -3.9359588058095385
Iter 1000, Loss: 1.89978e-03, Loss_m: 8.06243e-04, Loss_f: 3.24542e-05,Loss_ut: 7.15457e-05,Loss_l: 5.353e+00,lam:5.35256e+00,u_tt_norm:2.055e-03, time: 14.90
log_loss_f_min -10.338774673799138 log_loss_min -6.268648872136772
Iter 2000, Loss: 1.60095e-03, Loss_m: 6.42171e-04, Loss_f: 3.03227e-05,Loss_ut: 6.09403e-05,Loss_l: 4.615e+00,lam:4.61398e+00,u_tt_norm:1.241e-03, time: 14.93
log_loss_f_min -10.412613043655089 log_loss_min -6.4371588601874175
Iter 3000, Loss: 1.42367e-03, Loss_m: 5.33872e-04, Loss_f: 3.05684e-05,Loss_ut: 5.44574e-05,Loss_l: 3.954e+00,lam:3.95303e+00,u_tt_norm:1.313e-03, time: 14.92
log_loss_f_min -10.412613043655089 log_loss_min -6.554778133611472
Iter 4000, Loss: 1.36297e-03, Loss_m: 4.95094e-04, Loss_f: 3.16500e-05,Loss_ut: 5.15570e-05,Loss_l: 3.580e+00,lam:3.58026e+00,u_tt_norm:1.355e-03, time: 14.92
log_loss_f_min -10.412613043655089 log_loss_min -6.598300739990849
Iter 5000, Loss: 1.35343e-03, Loss_m: 4.97467e-04, Loss_f: 3.19114e-05,Loss_ut: 5.02141e-05,Loss_l: 3.471e+00,lam:3.47077e+00,u_tt_norm:1.366e-03, time: 14.97
log_loss_f_min -10.412613043655089 log_loss_min -6.61376291135116
Iter 6000, Loss: 1.32928e-03, Loss_m: 4.87894e-04, Loss_f: 3.12218e-05,Loss_ut: 4.94749e-05,Loss_l: 3.442e+00,lam:3.44181e+00,u_tt_norm:1.361e-03, time: 14.95
log_loss_f_min -10.412613043655089 log_loss_min -6.623120048446701
Iter 7000, Loss: 1.37981e-03, Loss_m: 4.88198e-04, Loss_f: 3.12496e-05,Loss_ut: 5.44833e-05,Loss_l: 3.429e+00,lam:3.42860e+00,u_tt_norm:1.371e-03, time: 14.96
log_loss_f_min -10.412613043655089 log_loss_min -6.629756430687954
Iter 8000, Loss: 1.32877e-03, Loss_m: 4.87886e-04, Loss_f: 3.04031e-05,Loss_ut: 5.02658e-05,Loss_l: 3.419e+00,lam:3.41913e+00,u_tt_norm:1.376e-03, time: 14.98
log_loss_f_min -10.412613043655089 log_loss_min -6.635500366630187
Iter 9000, Loss: 1.30940e-03, Loss_m: 4.87998e-04, Loss_f: 3.03927e-05,Loss_ut: 4.83346e-05,Loss_l: 3.413e+00,lam:3.41270e+00,u_tt_norm:1.375e-03, time: 15.01
log_loss_f_min -10.412613043655089 log_loss_min -6.6398978909315725
Iter 10000, Loss: 1.32791e-03, Loss_m: 4.83051e-04, Loss_f: 2.96987e-05,Loss_ut: 5.13788e-05,Loss_l: 3.408e+00,lam:3.40810e+00,u_tt_norm:1.374e-03, time: 15.07
log_loss_f_min -10.427212335327553 log_loss_min -6.644442855664627
u_tt = (-3.408102 )u*u_x(-6)
   
Restoring previous mask
Iter 0, Loss: 1.36171e-03, Loss_m: 4.99391e-04, Loss_f: 3.03050e-05,Loss_ut: 5.25187e-05,Loss_l: 3.408e+00,lam:3.41010e+00,u_tt_norm:1.367e-03, time: 0.02
log_loss_f_min -10.40419915945355 log_loss_min -6.599015369718391
Iter 1000, Loss: 6.83126e-04, Loss_m: 3.50755e-04, Loss_f: 8.02432e-06,Loss_ut: 2.02028e-05,Loss_l: 5.010e+00,lam:5.01111e+00,u_tt_norm:1.367e-03, time: 15.03
log_loss_f_min -11.733033077463803 log_loss_min -7.288831432531005
Iter 2000, Loss: 5.19075e-04, Loss_m: 3.23026e-04, Loss_f: 3.31713e-06,Loss_ut: 1.03910e-05,Loss_l: 5.897e+00,lam:5.89744e+00,u_tt_norm:1.758e-03, time: 14.99
log_loss_f_min -12.616409374514161 log_loss_min -7.56346134638092
Iter 3000, Loss: 4.76094e-04, Loss_m: 3.14287e-04, Loss_f: 2.15379e-06,Loss_ut: 7.62931e-06,Loss_l: 6.398e+00,lam:6.39798e+00,u_tt_norm:1.947e-03, time: 15.13
log_loss_f_min -13.05987771870557 log_loss_min -7.649896972920557
Iter 4000, Loss: 4.62875e-04, Loss_m: 3.11137e-04, Loss_f: 1.68493e-06,Loss_ut: 6.82458e-06,Loss_l: 6.664e+00,lam:6.66447e+00,u_tt_norm:2.005e-03, time: 15.25
log_loss_f_min -13.297898945207844 log_loss_min -7.680202224607035
Iter 5000, Loss: 4.96035e-04, Loss_m: 3.10254e-04, Loss_f: 2.98875e-06,Loss_ut: 8.80248e-06,Loss_l: 6.787e+00,lam:6.78668e+00,u_tt_norm:2.021e-03, time: 15.17
log_loss_f_min -13.43348377386385 log_loss_min -7.6956723786375
Iter 6000, Loss: 4.54562e-04, Loss_m: 3.09310e-04, Loss_f: 1.35695e-06,Loss_ut: 6.32004e-06,Loss_l: 6.848e+00,lam:6.84835e+00,u_tt_norm:2.023e-03, time: 15.10
log_loss_f_min -13.530304666290085 log_loss_min -7.703838673912051
Iter 7000, Loss: 5.39323e-04, Loss_m: 3.12236e-04, Loss_f: 2.36661e-06,Loss_ut: 1.34603e-05,Loss_l: 6.882e+00,lam:6.88172e+00,u_tt_norm:2.030e-03, time: 15.14
log_loss_f_min -13.606400317647374 log_loss_min -7.711435290755931
Iter 8000, Loss: 4.49824e-04, Loss_m: 3.08789e-04, Loss_f: 1.26886e-06,Loss_ut: 5.93277e-06,Loss_l: 6.902e+00,lam:6.90195e+00,u_tt_norm:2.032e-03, time: 15.15
log_loss_f_min -13.658461416680804 log_loss_min -7.716567107945918
Iter 9000, Loss: 4.43944e-04, Loss_m: 3.08275e-04, Loss_f: 1.13473e-06,Loss_ut: 5.51833e-06,Loss_l: 6.914e+00,lam:6.91394e+00,u_tt_norm:2.038e-03, time: 15.18
log_loss_f_min -13.698775065930995 log_loss_min -7.721369458162743
Iter 10000, Loss: 4.45036e-04, Loss_m: 3.08378e-04, Loss_f: 1.16196e-06,Loss_ut: 5.57445e-06,Loss_l: 6.929e+00,lam:6.92920e+00,u_tt_norm:2.039e-03, time: 15.15
log_loss_f_min -13.724299149257257 log_loss_min -7.725417676970601
u_tt = (-5.920620 )u*u_x(-6)
    + (-1.008582 )u_xxx(-1)
   
mask freezing
Iter 0, Loss: 4.44073e-04, Loss_m: 3.08098e-04, Loss_f: 1.20916e-06,Loss_ut: 5.45908e-06,Loss_l: 6.929e+00,lam:6.92920e+00,u_tt_norm:2.036e-03, time: 0.02
log_loss_f_min -13.625582570680644 log_loss_min -7.719522452942551
Iter 1000, Loss: 4.43011e-04, Loss_m: 3.08166e-04, Loss_f: 1.08982e-06,Loss_ut: 5.46882e-06,Loss_l: 6.926e+00,lam:6.92592e+00,u_tt_norm:2.036e-03, time: 15.20
log_loss_f_min -13.741130215527305 log_loss_min -7.728018604943878
Iter 2000, Loss: 4.39139e-04, Loss_m: 3.07604e-04, Loss_f: 1.06750e-06,Loss_ut: 5.13376e-06,Loss_l: 6.952e+00,lam:6.95233e+00,u_tt_norm:2.042e-03, time: 15.04
log_loss_f_min -13.760320175809273 log_loss_min -7.731557315255708
Iter 3000, Loss: 4.37392e-04, Loss_m: 3.07548e-04, Loss_f: 1.03252e-06,Loss_ut: 4.99587e-06,Loss_l: 6.956e+00,lam:6.95607e+00,u_tt_norm:2.043e-03, time: 15.04
log_loss_f_min -13.785658510178202 log_loss_min -7.734680918392698
Iter 4000, Loss: 5.03685e-04, Loss_m: 3.09351e-04, Loss_f: 1.74126e-06,Loss_ut: 1.07277e-05,Loss_l: 6.964e+00,lam:6.96446e+00,u_tt_norm:2.045e-03, time: 15.11
log_loss_f_min -13.821305680724047 log_loss_min -7.737437318930328
Iter 5000, Loss: 5.22985e-04, Loss_m: 3.07751e-04, Loss_f: 4.02530e-06,Loss_ut: 1.05278e-05,Loss_l: 6.970e+00,lam:6.97023e+00,u_tt_norm:2.045e-03, time: 15.06
log_loss_f_min -13.835673610447566 log_loss_min -7.740143732243028
Iter 6000, Loss: 4.34305e-04, Loss_m: 3.07347e-04, Loss_f: 9.76590e-07,Loss_ut: 4.74420e-06,Loss_l: 6.975e+00,lam:6.97503e+00,u_tt_norm:2.050e-03, time: 15.06
log_loss_f_min -13.881262742690048 log_loss_min -7.742798858863136
Iter 7000, Loss: 4.32965e-04, Loss_m: 3.07074e-04, Loss_f: 9.48608e-07,Loss_ut: 4.65751e-06,Loss_l: 6.983e+00,lam:6.98301e+00,u_tt_norm:2.049e-03, time: 15.04
log_loss_f_min -13.900408140676555 log_loss_min -7.745158225041919
Iter 8000, Loss: 4.32662e-04, Loss_m: 3.07099e-04, Loss_f: 9.31695e-07,Loss_ut: 4.63653e-06,Loss_l: 6.988e+00,lam:6.98823e+00,u_tt_norm:2.050e-03, time: 15.05
log_loss_f_min -13.936294267643643 log_loss_min -7.7476800219477004
Iter 9000, Loss: 4.86268e-04, Loss_m: 3.08994e-04, Loss_f: 1.52581e-06,Loss_ut: 9.20657e-06,Loss_l: 6.995e+00,lam:6.99496e+00,u_tt_norm:2.052e-03, time: 15.10
log_loss_f_min -13.936294267643643 log_loss_min -7.749773204351086
Iter 10000, Loss: 5.95644e-04, Loss_m: 3.12657e-04, Loss_f: 5.52979e-06,Loss_ut: 1.57671e-05,Loss_l: 7.002e+00,lam:7.00179e+00,u_tt_norm:2.050e-03, time: 15.14
log_loss_f_min -13.956997077965275 log_loss_min -7.751770731857832
u_tt = (-5.971389 )u*u_x(-6)
    + (-1.030402 )u_xxx(-1)
   
Iter 0, Loss: 9.78515e-04, Loss_m: 3.08817e-04, Loss_f: 4.90132e-06,Loss_ut: 1.79566e-05,Loss_l: 7.002e+00,lam:7.00179e+00,u_tt_norm:2.052e-03, time: 0.02
log_loss_f_min -12.226005413411464 log_loss_min -6.929473947605948
Iter 1000, Loss: 4.00545e-04, Loss_m: 3.11249e-04, Loss_f: 3.26221e-07,Loss_ut: 5.66744e-06,Loss_l: 6.992e+00,lam:6.99230e+00,u_tt_norm:2.052e-03, time: 15.31
log_loss_f_min -15.083371467746403 log_loss_min -7.835257160149538
Iter 2000, Loss: 3.89536e-04, Loss_m: 3.11305e-04, Loss_f: 2.18632e-07,Loss_ut: 5.63679e-06,Loss_l: 6.998e+00,lam:6.99796e+00,u_tt_norm:2.042e-03, time: 15.20
log_loss_f_min -15.337764801794657 log_loss_min -7.850932025193187
Iter 3000, Loss: 3.92883e-04, Loss_m: 3.11434e-04, Loss_f: 2.39422e-07,Loss_ut: 5.75061e-06,Loss_l: 7.008e+00,lam:7.00803e+00,u_tt_norm:2.050e-03, time: 15.20
log_loss_f_min -15.47993144794379 log_loss_min -7.859506798557052
Iter 4000, Loss: 3.83377e-04, Loss_m: 3.11286e-04, Loss_f: 1.69541e-07,Loss_ut: 5.51367e-06,Loss_l: 7.020e+00,lam:7.02028e+00,u_tt_norm:2.048e-03, time: 15.21
log_loss_f_min -15.590168642215891 log_loss_min -7.866539577532897
Iter 5000, Loss: 3.82099e-04, Loss_m: 3.11130e-04, Loss_f: 1.60352e-07,Loss_ut: 5.49345e-06,Loss_l: 7.031e+00,lam:7.03143e+00,u_tt_norm:2.057e-03, time: 15.27
log_loss_f_min -15.660485322704591 log_loss_min -7.870757659936774
Iter 6000, Loss: 3.90120e-04, Loss_m: 3.11164e-04, Loss_f: 2.38992e-07,Loss_ut: 5.50561e-06,Loss_l: 7.041e+00,lam:7.04067e+00,u_tt_norm:2.056e-03, time: 15.24
log_loss_f_min -15.734264194247523 log_loss_min -7.875610664803367
Iter 7000, Loss: 3.78536e-04, Loss_m: 3.10979e-04, Loss_f: 1.41087e-07,Loss_ut: 5.34480e-06,Loss_l: 7.051e+00,lam:7.05100e+00,u_tt_norm:2.059e-03, time: 15.19
log_loss_f_min -15.786819506647486 log_loss_min -7.8795670272920155
Iter 8000, Loss: 3.90880e-04, Loss_m: 3.10400e-04, Loss_f: 1.95600e-07,Loss_ut: 6.09199e-06,Loss_l: 7.060e+00,lam:7.05996e+00,u_tt_norm:2.060e-03, time: 15.21
log_loss_f_min -15.838066258087128 log_loss_min -7.883205571632132
Iter 9000, Loss: 4.16627e-04, Loss_m: 3.11334e-04, Loss_f: 3.88429e-07,Loss_ut: 6.64501e-06,Loss_l: 7.068e+00,lam:7.06761e+00,u_tt_norm:2.066e-03, time: 15.23
log_loss_f_min -15.874791187006279 log_loss_min -7.885885393533558
Iter 10000, Loss: 3.74951e-04, Loss_m: 3.10652e-04, Loss_f: 1.24153e-07,Loss_ut: 5.18836e-06,Loss_l: 7.075e+00,lam:7.07463e+00,u_tt_norm:2.075e-03, time: 15.18
log_loss_f_min -15.921070197936329 log_loss_min -7.88929708365532
