Current process ID: 21476
/data/home/liuyulong/auto_discovery/kdv/050_G_21476
Using device: cuda:0
load module
load data with noise = 0.5 Nm = 5000 Nf = 5000
tensor([[True],
        [True],
        [True],
        [True],
        [True],
        [True],
        [True],
        [True],
        [True],
        [True],
        [True],
        [True],
        [True],
        [True],
        [True],
        [True]])
Iter 0, Loss: 2.40630e-01, Loss_m: 4.14289e-02, Loss_f: 9.82426e-02,Loss_ut: 1.89377e-01,Loss_l: 0.000e+00,lam:7.99946e-02,u_tt_norm:9.824e-02, time: 0.33
log_loss_f_min -2.32031501277717 log_loss_min -1.4244931194969233
Iter 1000, Loss: 3.75266e-03, Loss_m: 3.22289e-03, Loss_f: 5.91693e-05,Loss_ut: 5.23859e-04,Loss_l: 4.765e+00,lam:4.76753e+00,u_tt_norm:9.824e-02, time: 15.23
log_loss_f_min -10.88198544758865 log_loss_min -5.585289114567272
Iter 2000, Loss: 3.40628e-03, Loss_m: 3.08869e-03, Loss_f: 4.44652e-05,Loss_ut: 3.13142e-04,Loss_l: 3.468e+00,lam:3.46944e+00,u_tt_norm:1.256e-03, time: 15.20
log_loss_f_min -10.88198544758865 log_loss_min -5.6830340304006315
Iter 3000, Loss: 3.27366e-03, Loss_m: 3.04358e-03, Loss_f: 3.55343e-05,Loss_ut: 2.26526e-04,Loss_l: 3.338e+00,lam:3.33712e+00,u_tt_norm:1.499e-03, time: 15.11
log_loss_f_min -10.88198544758865 log_loss_min -5.7248058546605565
Iter 4000, Loss: 3.18826e-03, Loss_m: 2.99925e-03, Loss_f: 3.37873e-05,Loss_ut: 1.85637e-04,Loss_l: 2.771e+00,lam:2.77066e+00,u_tt_norm:1.566e-03, time: 15.27
log_loss_f_min -10.88198544758865 log_loss_min -5.74832103932686
Iter 5000, Loss: 3.15039e-03, Loss_m: 2.97389e-03, Loss_f: 3.85043e-05,Loss_ut: 1.72652e-04,Loss_l: 3.213e+00,lam:3.21372e+00,u_tt_norm:1.618e-03, time: 15.52
log_loss_f_min -10.88198544758865 log_loss_min -5.762004921107612
u_tt = (0.000032 )
    + (-0.005978 )u
    + (-0.034153 )u**2
    + (0.100917 )u**3
    + (-0.841351 )u_x
    + (-0.327594 )u*u_x(-6)
    + (-0.060993 )u**2*u_x
    + (0.227191 )u**3*u_x
    + (0.007866 )u_xx.
    + (-0.031985 )u*u_xx
    + (0.032239 )u**2*u_xx
    + (0.124339 )u**3*u_xx
    + (-0.078278 )u_xxx(-1)
    + (0.442371 )u*u_xxx
    + (-0.062030 )u**2*u_xxx
    + (-0.836404 )u**3*u_xxx
   
Iter 0, Loss: 3.48530e-03, Loss_m: 2.97400e-03, Loss_f: 4.02420e-05,Loss_ut: 4.71017e-04,Loss_l: 3.214e+00,lam:3.24170e+00,u_tt_norm:1.642e-03, time: 0.02
log_loss_f_min -10.120598764907026 log_loss_min -5.659202525854776
Iter 1000, Loss: 3.26847e-03, Loss_m: 3.06392e-03, Loss_f: 1.23840e-05,Loss_ut: 1.92133e-04,Loss_l: 3.338e+00,lam:3.33748e+00,u_tt_norm:1.642e-03, time: 15.27
log_loss_f_min -11.30651795885583 log_loss_min -5.727292266052919
Iter 2000, Loss: 3.23998e-03, Loss_m: 3.05502e-03, Loss_f: 1.12728e-05,Loss_ut: 1.73652e-04,Loss_l: 3.337e+00,lam:3.34227e+00,u_tt_norm:1.879e-03, time: 15.23
log_loss_f_min -11.49640226551354 log_loss_min -5.738105310382645
Iter 3000, Loss: 3.20144e-03, Loss_m: 3.04105e-03, Loss_f: 9.81783e-06,Loss_ut: 1.50535e-04,Loss_l: 4.543e+00,lam:4.54400e+00,u_tt_norm:1.885e-03, time: 15.28
log_loss_f_min -11.581920239178036 log_loss_min -5.744566805687418
Iter 4000, Loss: 3.18602e-03, Loss_m: 3.03385e-03, Loss_f: 9.37624e-06,Loss_ut: 1.42737e-04,Loss_l: 5.853e+00,lam:5.85273e+00,u_tt_norm:1.930e-03, time: 15.24
log_loss_f_min -11.59371629453959 log_loss_min -5.748982476132806
Iter 5000, Loss: 3.18023e-03, Loss_m: 3.02876e-03, Loss_f: 1.04867e-05,Loss_ut: 1.40915e-04,Loss_l: 6.943e+00,lam:6.94530e+00,u_tt_norm:1.935e-03, time: 15.61
log_loss_f_min -11.59371629453959 log_loss_min -5.752093158990117
u_tt = (-0.000038 )
    + (0.019834 )u
    + (-0.187323 )u**2
    + (0.377507 )u**3
    + (-0.722563 )u_x
    + (-1.264726 )u*u_x(-6)
    + (-1.426882 )u**2*u_x
    + (0.390436 )u**3*u_x
    + (-0.030410 )u_xx.
    + (0.023137 )u*u_xx
    + (0.217458 )u**2*u_xx
    + (0.145248 )u**3*u_xx
    + (-0.057763 )u_xxx(-1)
    + (-0.828982 )u*u_xxx
    + (0.167889 )u**2*u_xxx
    + (-1.085104 )u**3*u_xxx
   
Iter 0, Loss: 3.26038e-03, Loss_m: 3.02753e-03, Loss_f: 1.24249e-05,Loss_ut: 2.19735e-04,Loss_l: 6.945e+00,lam:6.94710e+00,u_tt_norm:1.927e-03, time: 0.03
log_loss_f_min -11.295808987649234 log_loss_min -5.725910845603036
Iter 1000, Loss: 3.21336e-03, Loss_m: 3.06371e-03, Loss_f: 9.03113e-06,Loss_ut: 1.39991e-04,Loss_l: 6.311e+00,lam:6.30992e+00,u_tt_norm:1.927e-03, time: 15.39
log_loss_f_min -11.619818101102572 log_loss_min -5.740538453908397
Iter 2000, Loss: 3.20787e-03, Loss_m: 3.06587e-03, Loss_f: 9.29282e-06,Loss_ut: 1.32084e-04,Loss_l: 6.315e+00,lam:6.31450e+00,u_tt_norm:1.996e-03, time: 15.34
log_loss_f_min -11.619818101102572 log_loss_min -5.743640603684021
Iter 3000, Loss: 3.19585e-03, Loss_m: 3.06126e-03, Loss_f: 9.41095e-06,Loss_ut: 1.24534e-04,Loss_l: 6.453e+00,lam:6.45275e+00,u_tt_norm:2.002e-03, time: 15.91
log_loss_f_min -11.619818101102572 log_loss_min -5.746082824341686
Iter 4000, Loss: 3.18964e-03, Loss_m: 3.05900e-03, Loss_f: 9.50884e-06,Loss_ut: 1.20476e-04,Loss_l: 6.558e+00,lam:6.55837e+00,u_tt_norm:2.015e-03, time: 15.35
log_loss_f_min -11.619818101102572 log_loss_min -5.7480108538951145
Iter 5000, Loss: 3.18609e-03, Loss_m: 3.05786e-03, Loss_f: 9.67839e-06,Loss_ut: 1.17892e-04,Loss_l: 6.598e+00,lam:6.59819e+00,u_tt_norm:2.023e-03, time: 15.24
log_loss_f_min -11.619818101102572 log_loss_min -5.749581609556451
Iter 6000, Loss: 3.18042e-03, Loss_m: 3.05548e-03, Loss_f: 9.77855e-06,Loss_ut: 1.14509e-04,Loss_l: 6.600e+00,lam:6.59954e+00,u_tt_norm:2.033e-03, time: 15.16
log_loss_f_min -11.619818101102572 log_loss_min -5.750820854807939
Iter 7000, Loss: 3.17671e-03, Loss_m: 3.05354e-03, Loss_f: 9.94428e-06,Loss_ut: 1.12565e-04,Loss_l: 6.542e+00,lam:6.54228e+00,u_tt_norm:2.032e-03, time: 15.29
log_loss_f_min -11.619818101102572 log_loss_min -5.751930505105825
Iter 8000, Loss: 3.17429e-03, Loss_m: 3.05223e-03, Loss_f: 1.00530e-05,Loss_ut: 1.11358e-04,Loss_l: 6.476e+00,lam:6.47622e+00,u_tt_norm:2.036e-03, time: 15.62
log_loss_f_min -11.619818101102572 log_loss_min -5.752850335139993
Iter 9000, Loss: 3.17101e-03, Loss_m: 3.05010e-03, Loss_f: 1.01747e-05,Loss_ut: 1.10103e-04,Loss_l: 6.376e+00,lam:6.37512e+00,u_tt_norm:2.037e-03, time: 15.13
log_loss_f_min -11.619818101102572 log_loss_min -5.753704560463963
Iter 10000, Loss: 3.17679e-03, Loss_m: 3.05023e-03, Loss_f: 1.04334e-05,Loss_ut: 1.15498e-04,Loss_l: 6.261e+00,lam:6.26146e+00,u_tt_norm:2.042e-03, time: 15.17
log_loss_f_min -11.619818101102572 log_loss_min -5.754450025704508
Train 1
tensor([ 5.5872e-06,  4.3665e-05,  6.0222e-04, -1.4226e-03,  2.4432e-03,
        -2.5910e-03], device='cuda:0', grad_fn=<IndexBackward0>)
prev_mask tensor([[False],
        [False],
        [False],
        [False],
        [False],
        [False],
        [False],
        [False],
        [False],
        [False],
        [False],
        [False],
        [False],
        [False],
        [False],
        [False]], device='cuda:0')
mask tensor([[ True],
        [ True],
        [False],
        [False],
        [False],
        [False],
        [False],
        [ True],
        [ True],
        [False],
        [False],
        [ True],
        [False],
        [False],
        [ True],
        [False]], device='cuda:0')
Pruning the smallest 6 weights for lambda_1.
Iter 0, Loss: 4.38042e-03, Loss_m: 3.05007e-03, Loss_f: 1.04445e-05,Loss_ut: 1.16336e-04,Loss_l: 6.254e+00,lam:6.25634e+00,u_tt_norm:2.042e-03, time: 0.03
log_loss_f_min -11.469439579098633 log_loss_min -5.430611765995826
Iter 1000, Loss: 3.74072e-03, Loss_m: 3.22698e-03, Loss_f: 5.36786e-06,Loss_ut: 4.13611e-05,Loss_l: 4.646e+00,lam:4.64386e+00,u_tt_norm:2.042e-03, time: 15.69
log_loss_f_min -12.13508098263615 log_loss_min -5.588475994065873
Iter 2000, Loss: 3.66374e-03, Loss_m: 3.24581e-03, Loss_f: 4.78419e-06,Loss_ut: 3.30869e-05,Loss_l: 3.922e+00,lam:3.92120e+00,u_tt_norm:1.837e-03, time: 15.12
log_loss_f_min -12.250516491852093 log_loss_min -5.609270190457582
Iter 3000, Loss: 3.62901e-03, Loss_m: 3.25386e-03, Loss_f: 4.56776e-06,Loss_ut: 2.91723e-05,Loss_l: 3.775e+00,lam:3.77529e+00,u_tt_norm:1.837e-03, time: 15.29
log_loss_f_min -12.32422396044781 log_loss_min -5.620298034365786
Iter 4000, Loss: 3.59497e-03, Loss_m: 3.25633e-03, Loss_f: 4.15915e-06,Loss_ut: 2.57954e-05,Loss_l: 3.909e+00,lam:3.90924e+00,u_tt_norm:1.847e-03, time: 15.47
log_loss_f_min -12.39156841254361 log_loss_min -5.628219346509776
Iter 5000, Loss: 3.59013e-03, Loss_m: 3.25783e-03, Loss_f: 4.65596e-06,Loss_ut: 2.45104e-05,Loss_l: 4.064e+00,lam:4.06351e+00,u_tt_norm:1.859e-03, time: 15.49
log_loss_f_min -12.434559062862784 log_loss_min -5.633989808964905
Iter 6000, Loss: 3.55770e-03, Loss_m: 3.25829e-03, Loss_f: 3.83353e-06,Loss_ut: 2.19011e-05,Loss_l: 4.206e+00,lam:4.20657e+00,u_tt_norm:1.866e-03, time: 15.23
log_loss_f_min -12.475763083354368 log_loss_min -5.63872721373293
Iter 7000, Loss: 3.63270e-03, Loss_m: 3.26058e-03, Loss_f: 6.35928e-06,Loss_ut: 2.65297e-05,Loss_l: 4.323e+00,lam:4.32058e+00,u_tt_norm:1.878e-03, time: 15.23
log_loss_f_min -12.507022895991481 log_loss_min -5.642573033217416
Iter 8000, Loss: 3.53279e-03, Loss_m: 3.25768e-03, Loss_f: 3.59240e-06,Loss_ut: 1.94665e-05,Loss_l: 4.451e+00,lam:4.45151e+00,u_tt_norm:1.874e-03, time: 15.20
log_loss_f_min -12.541234120862493 log_loss_min -5.645802369575687
Iter 9000, Loss: 3.52461e-03, Loss_m: 3.25757e-03, Loss_f: 3.55029e-06,Loss_ut: 1.85948e-05,Loss_l: 4.559e+00,lam:4.55908e+00,u_tt_norm:1.892e-03, time: 15.29
log_loss_f_min -12.570669386673721 log_loss_min -5.648323544835344
Iter 10000, Loss: 3.74989e-03, Loss_m: 3.25683e-03, Loss_f: 1.37289e-05,Loss_ut: 3.09110e-05,Loss_l: 4.666e+00,lam:4.66516e+00,u_tt_norm:1.892e-03, time: 15.23
log_loss_f_min -12.600429810200412 log_loss_min -5.651551845625136
u_tt = (0.000113 )u**2
    + (-0.000041 )u**3
    + (-0.478575 )u_x
    + (-3.145455 )u*u_x(-6)
    + (0.000329 )u**2*u_x
    + (0.000099 )u*u_xx
    + (-0.000012 )u**2*u_xx
    + (-0.410848 )u_xxx(-1)
    + (-0.629500 )u*u_xxx
    + (-0.000186 )u**3*u_xxx
   
tensor([-1.2409e-05, -4.1267e-05,  9.9411e-05,  1.1346e-04, -1.8617e-04,
         3.2920e-04], device='cuda:0', grad_fn=<IndexBackward0>)
prev_mask tensor([[ True],
        [ True],
        [False],
        [False],
        [False],
        [False],
        [False],
        [ True],
        [ True],
        [False],
        [False],
        [ True],
        [False],
        [False],
        [ True],
        [False]], device='cuda:0')
mask tensor([[ True],
        [ True],
        [ True],
        [ True],
        [False],
        [False],
        [ True],
        [ True],
        [ True],
        [ True],
        [ True],
        [ True],
        [False],
        [False],
        [ True],
        [ True]], device='cuda:0')
Pruning the smallest 6 weights for lambda_1.
Iter 0, Loss: 3.83167e-03, Loss_m: 3.25885e-03, Loss_f: 1.63249e-05,Loss_ut: 3.62931e-05,Loss_l: 4.664e+00,lam:4.66637e+00,u_tt_norm:1.925e-03, time: 0.02
log_loss_f_min -11.022821647608218 log_loss_min -5.564453405564731
Iter 1000, Loss: 3.50890e-03, Loss_m: 3.25710e-03, Loss_f: 3.32561e-06,Loss_ut: 1.71228e-05,Loss_l: 4.732e+00,lam:4.73200e+00,u_tt_norm:1.925e-03, time: 15.36
log_loss_f_min -12.621380201071034 log_loss_min -5.652925616650338
Iter 2000, Loss: 3.58444e-03, Loss_m: 3.25966e-03, Loss_f: 3.99095e-06,Loss_ut: 2.36385e-05,Loss_l: 4.848e+00,lam:4.84850e+00,u_tt_norm:1.905e-03, time: 15.18
log_loss_f_min -12.641590259620324 log_loss_min -5.6549636086012915
Iter 3000, Loss: 3.50693e-03, Loss_m: 3.25536e-03, Loss_f: 3.26242e-06,Loss_ut: 1.69936e-05,Loss_l: 4.901e+00,lam:4.90127e+00,u_tt_norm:1.910e-03, time: 15.32
log_loss_f_min -12.67029946397631 log_loss_min -5.6571209525789605
Iter 4000, Loss: 3.56153e-03, Loss_m: 3.25701e-03, Loss_f: 5.89270e-06,Loss_ut: 1.96021e-05,Loss_l: 4.957e+00,lam:4.95723e+00,u_tt_norm:1.914e-03, time: 15.46
log_loss_f_min -12.699533241952533 log_loss_min -5.659042810944549
Iter 5000, Loss: 3.48218e-03, Loss_m: 3.25519e-03, Loss_f: 3.12283e-06,Loss_ut: 1.45530e-05,Loss_l: 5.023e+00,lam:5.02319e+00,u_tt_norm:1.933e-03, time: 15.32
log_loss_f_min -12.728047503033563 log_loss_min -5.660973255264636
Iter 6000, Loss: 3.48016e-03, Loss_m: 3.25439e-03, Loss_f: 2.88972e-06,Loss_ut: 1.46127e-05,Loss_l: 5.075e+00,lam:5.07504e+00,u_tt_norm:1.922e-03, time: 15.15
log_loss_f_min -12.760192132787655 log_loss_min -5.6628412556021805
Iter 7000, Loss: 3.50037e-03, Loss_m: 3.25355e-03, Loss_f: 2.91300e-06,Loss_ut: 1.66428e-05,Loss_l: 5.126e+00,lam:5.12592e+00,u_tt_norm:1.928e-03, time: 15.17
log_loss_f_min -12.789721449356827 log_loss_min -5.6645980272884495
Iter 8000, Loss: 3.46623e-03, Loss_m: 3.25376e-03, Loss_f: 2.83933e-06,Loss_ut: 1.32376e-05,Loss_l: 5.170e+00,lam:5.17011e+00,u_tt_norm:1.928e-03, time: 15.35
log_loss_f_min -12.81764010409763 log_loss_min -5.666161644154902
Iter 9000, Loss: 3.45560e-03, Loss_m: 3.25294e-03, Loss_f: 2.62338e-06,Loss_ut: 1.24321e-05,Loss_l: 5.211e+00,lam:5.21082e+00,u_tt_norm:1.940e-03, time: 15.20
log_loss_f_min -12.855815798028592 log_loss_min -5.667757961875656
Iter 10000, Loss: 3.56788e-03, Loss_m: 3.25560e-03, Loss_f: 3.36780e-06,Loss_ut: 2.26156e-05,Loss_l: 5.244e+00,lam:5.24395e+00,u_tt_norm:1.944e-03, time: 15.42
log_loss_f_min -12.883428579943704 log_loss_min -5.669189684266065
u_tt = (-0.375157 )u_x
    + (-3.787257 )u*u_x(-6)
    + (-0.540763 )u_xxx(-1)
    + (-0.540768 )u*u_xxx
   
Pruning the smallest weight for lambda_1.
Iter 0, Loss: 6.74095e-03, Loss_m: 3.25224e-03, Loss_f: 3.24183e-04,Loss_ut: 1.98188e-05,Loss_l: 4.869e+00,lam:4.86779e+00,u_tt_norm:1.952e-03, time: 0.02
log_loss_f_min -8.034203290252298 log_loss_min -4.999555098114284
Iter 1000, Loss: 3.68550e-03, Loss_m: 3.27866e-03, Loss_f: 1.02498e-05,Loss_ut: 2.52251e-05,Loss_l: 5.209e+00,lam:5.20964e+00,u_tt_norm:1.952e-03, time: 15.41
log_loss_f_min -11.492952331166745 log_loss_min -5.603350086199242
Iter 2000, Loss: 3.60070e-03, Loss_m: 3.26782e-03, Loss_f: 6.28717e-06,Loss_ut: 2.11307e-05,Loss_l: 5.870e+00,lam:5.87080e+00,u_tt_norm:1.731e-03, time: 15.67
log_loss_f_min -12.052734967870574 log_loss_min -5.639368369015457
Iter 3000, Loss: 3.49004e-03, Loss_m: 3.24839e-03, Loss_f: 3.84594e-06,Loss_ut: 1.38440e-05,Loss_l: 6.475e+00,lam:6.47509e+00,u_tt_norm:1.874e-03, time: 15.34
log_loss_f_min -12.477569134293102 log_loss_min -5.657842392513067
Iter 4000, Loss: 3.52847e-03, Loss_m: 3.24555e-03, Loss_f: 6.13806e-06,Loss_ut: 1.51754e-05,Loss_l: 6.978e+00,lam:6.97863e+00,u_tt_norm:1.920e-03, time: 15.15
log_loss_f_min -12.75061887002474 log_loss_min -5.666249772031602
Iter 5000, Loss: 3.44567e-03, Loss_m: 3.24420e-03, Loss_f: 2.38107e-06,Loss_ut: 1.04139e-05,Loss_l: 7.353e+00,lam:7.35294e+00,u_tt_norm:1.946e-03, time: 15.46
log_loss_f_min -12.95727706788345 log_loss_min -5.670635757430087
Iter 6000, Loss: 3.44391e-03, Loss_m: 3.24481e-03, Loss_f: 2.20081e-06,Loss_ut: 1.01337e-05,Loss_l: 7.576e+00,lam:7.57626e+00,u_tt_norm:1.973e-03, time: 15.23
log_loss_f_min -13.075354666496064 log_loss_min -5.672995852626259
Iter 7000, Loss: 3.44831e-03, Loss_m: 3.24555e-03, Loss_f: 2.14466e-06,Loss_ut: 1.04135e-05,Loss_l: 7.718e+00,lam:7.71813e+00,u_tt_norm:1.967e-03, time: 15.25
log_loss_f_min -13.182450773264316 log_loss_min -5.674644170418918
Iter 8000, Loss: 3.44863e-03, Loss_m: 3.24473e-03, Loss_f: 1.90747e-06,Loss_ut: 1.06941e-05,Loss_l: 7.788e+00,lam:7.78772e+00,u_tt_norm:1.978e-03, time: 15.86
log_loss_f_min -13.261542068630108 log_loss_min -5.676040137698022
Iter 9000, Loss: 3.49733e-03, Loss_m: 3.24832e-03, Loss_f: 2.99497e-06,Loss_ut: 1.40886e-05,Loss_l: 7.817e+00,lam:7.81672e+00,u_tt_norm:2.000e-03, time: 15.54
log_loss_f_min -13.326299301047731 log_loss_min -5.677163444575649
Iter 10000, Loss: 3.42308e-03, Loss_m: 3.24539e-03, Loss_f: 1.66686e-06,Loss_ut: 8.26522e-06,Loss_l: 7.837e+00,lam:7.83700e+00,u_tt_norm:1.969e-03, time: 15.56
log_loss_f_min -13.383524061580657 log_loss_min -5.6783380627794875
u_tt = (-6.194761 )u*u_x(-6)
    + (-0.877119 )u_xxx(-1)
    + (-0.765117 )u*u_xxx
   
Pruning the smallest weight for lambda_1.
Iter 0, Loss: 4.79766e-03, Loss_m: 3.24530e-03, Loss_f: 1.39783e-04,Loss_ut: 8.38144e-06,Loss_l: 7.072e+00,lam:7.07188e+00,u_tt_norm:1.996e-03, time: 0.02
log_loss_f_min -8.875419714347682 log_loss_min -5.339626533329056
Iter 1000, Loss: 3.42329e-03, Loss_m: 3.24549e-03, Loss_f: 2.01622e-06,Loss_ut: 8.72223e-06,Loss_l: 7.042e+00,lam:7.04215e+00,u_tt_norm:1.996e-03, time: 15.77
log_loss_f_min -13.121984419825617 log_loss_min -5.67724370479292
Iter 2000, Loss: 3.41711e-03, Loss_m: 3.24521e-03, Loss_f: 1.80152e-06,Loss_ut: 8.36743e-06,Loss_l: 7.021e+00,lam:7.02092e+00,u_tt_norm:1.970e-03, time: 15.21
log_loss_f_min -13.239266717293336 log_loss_min -5.679065234202352
Iter 3000, Loss: 3.41518e-03, Loss_m: 3.24544e-03, Loss_f: 1.73595e-06,Loss_ut: 8.23361e-06,Loss_l: 7.004e+00,lam:7.00431e+00,u_tt_norm:1.977e-03, time: 15.26
log_loss_f_min -13.313031728471945 log_loss_min -5.680456268167797
Iter 4000, Loss: 3.72514e-03, Loss_m: 3.24703e-03, Loss_f: 1.98413e-05,Loss_ut: 2.09678e-05,Loss_l: 7.002e+00,lam:7.00169e+00,u_tt_norm:1.980e-03, time: 15.22
log_loss_f_min -13.3778723067135 log_loss_min -5.681735607062921
Iter 5000, Loss: 3.40362e-03, Loss_m: 3.24503e-03, Loss_f: 1.46497e-06,Loss_ut: 7.40139e-06,Loss_l: 6.993e+00,lam:6.99277e+00,u_tt_norm:1.966e-03, time: 15.63
log_loss_f_min -13.433676522586149 log_loss_min -5.682916911014728
Iter 6000, Loss: 3.40482e-03, Loss_m: 3.24517e-03, Loss_f: 1.58613e-06,Loss_ut: 7.39720e-06,Loss_l: 6.981e+00,lam:6.98120e+00,u_tt_norm:1.998e-03, time: 15.31
log_loss_f_min -13.492724701953861 log_loss_min -5.6836359202158935
Iter 7000, Loss: 3.39788e-03, Loss_m: 3.24504e-03, Loss_f: 1.36639e-06,Loss_ut: 6.93714e-06,Loss_l: 6.981e+00,lam:6.98070e+00,u_tt_norm:2.003e-03, time: 15.46
log_loss_f_min -13.545470130682656 log_loss_min -5.684768208026162
Iter 8000, Loss: 3.39817e-03, Loss_m: 3.24500e-03, Loss_f: 1.50096e-06,Loss_ut: 6.83579e-06,Loss_l: 6.980e+00,lam:6.98005e+00,u_tt_norm:2.004e-03, time: 15.18
log_loss_f_min -13.584792235459576 log_loss_min -5.685708039707985
Iter 9000, Loss: 3.39199e-03, Loss_m: 3.24494e-03, Loss_f: 1.24206e-06,Loss_ut: 6.49440e-06,Loss_l: 6.968e+00,lam:6.96840e+00,u_tt_norm:2.015e-03, time: 15.82
log_loss_f_min -13.628695467523597 log_loss_min -5.686435855412662
Iter 10000, Loss: 3.39244e-03, Loss_m: 3.24498e-03, Loss_f: 1.24484e-06,Loss_ut: 6.53613e-06,Loss_l: 6.965e+00,lam:6.96507e+00,u_tt_norm:2.017e-03, time: 15.25
log_loss_f_min -13.665314882154332 log_loss_min -5.687095574259853
u_tt = (-5.928553 )u*u_x(-6)
    + (-1.036517 )u_xxx(-1)
   
Pruning the smallest weight for lambda_1.
Iter 0, Loss: 2.38005e-02, Loss_m: 3.24523e-03, Loss_f: 2.04308e-03,Loss_ut: 6.51968e-06,Loss_l: 5.929e+00,lam:5.92755e+00,u_tt_norm:2.020e-03, time: 0.02
log_loss_f_min -6.193297806741747 log_loss_min -3.7380489359434708
Iter 1000, Loss: 4.79390e-03, Loss_m: 3.79965e-03, Loss_f: 2.99725e-05,Loss_ut: 6.40522e-05,Loss_l: 5.400e+00,lam:5.39942e+00,u_tt_norm:2.020e-03, time: 15.34
log_loss_f_min -10.41523069618119 log_loss_min -5.340410989010326
Iter 2000, Loss: 4.52253e-03, Loss_m: 3.63461e-03, Loss_f: 2.85160e-05,Loss_ut: 5.55952e-05,Loss_l: 4.680e+00,lam:4.67971e+00,u_tt_norm:1.160e-03, time: 15.25
log_loss_f_min -10.484789935673538 log_loss_min -5.398683524206992
Iter 3000, Loss: 4.33818e-03, Loss_m: 3.50750e-03, Loss_f: 2.91069e-05,Loss_ut: 4.99740e-05,Loss_l: 3.987e+00,lam:3.98652e+00,u_tt_norm:1.227e-03, time: 15.43
log_loss_f_min -10.489221700161137 log_loss_min -5.440300761384046
Iter 4000, Loss: 4.41942e-03, Loss_m: 3.46389e-03, Loss_f: 3.10211e-05,Loss_ut: 6.09723e-05,Loss_l: 3.559e+00,lam:3.55853e+00,u_tt_norm:1.285e-03, time: 15.15
log_loss_f_min -10.489221700161137 log_loss_min -5.4566862359110155
Iter 5000, Loss: 4.26743e-03, Loss_m: 3.42029e-03, Loss_f: 3.08684e-05,Loss_ut: 5.04212e-05,Loss_l: 3.425e+00,lam:3.42458e+00,u_tt_norm:1.290e-03, time: 15.21
log_loss_f_min -10.489221700161137 log_loss_min -5.461818995789482
Iter 6000, Loss: 4.34297e-03, Loss_m: 3.40999e-03, Loss_f: 3.16030e-05,Loss_ut: 5.83032e-05,Loss_l: 3.392e+00,lam:3.39215e+00,u_tt_norm:1.333e-03, time: 15.31
log_loss_f_min -10.489221700161137 log_loss_min -5.4648226772417425
Iter 7000, Loss: 4.22314e-03, Loss_m: 3.42447e-03, Loss_f: 3.00251e-05,Loss_ut: 4.64631e-05,Loss_l: 3.379e+00,lam:3.37886e+00,u_tt_norm:1.342e-03, time: 15.85
log_loss_f_min -10.489221700161137 log_loss_min -5.467313760743091
Iter 8000, Loss: 4.26759e-03, Loss_m: 3.42272e-03, Loss_f: 3.01924e-05,Loss_ut: 5.09238e-05,Loss_l: 3.371e+00,lam:3.37098e+00,u_tt_norm:1.349e-03, time: 15.84
log_loss_f_min -10.489221700161137 log_loss_min -5.469472602720482
Iter 9000, Loss: 4.30464e-03, Loss_m: 3.40908e-03, Loss_f: 3.07173e-05,Loss_ut: 5.54744e-05,Loss_l: 3.365e+00,lam:3.36457e+00,u_tt_norm:1.340e-03, time: 15.25
log_loss_f_min -10.489221700161137 log_loss_min -5.471238687198489
Iter 10000, Loss: 4.28490e-03, Loss_m: 3.43171e-03, Loss_f: 3.07325e-05,Loss_ut: 5.12256e-05,Loss_l: 3.361e+00,lam:3.36076e+00,u_tt_norm:1.349e-03, time: 15.33
log_loss_f_min -10.489221700161137 log_loss_min -5.47263231759577
u_tt = (-3.360760 )u*u_x(-6)
   
Restoring previous mask
Iter 0, Loss: 4.26819e-03, Loss_m: 3.40951e-03, Loss_f: 3.00014e-05,Loss_ut: 5.25058e-05,Loss_l: 3.361e+00,lam:3.36076e+00,u_tt_norm:1.358e-03, time: 0.02
log_loss_f_min -10.414265848326757 log_loss_min -5.4565654544581434
Iter 1000, Loss: 3.61144e-03, Loss_m: 3.28336e-03, Loss_f: 7.28359e-06,Loss_ut: 2.04342e-05,Loss_l: 5.090e+00,lam:5.09129e+00,u_tt_norm:1.358e-03, time: 15.29
log_loss_f_min -11.835342382973002 log_loss_min -5.623649254548488
Iter 2000, Loss: 3.49897e-03, Loss_m: 3.25843e-03, Loss_f: 5.20022e-06,Loss_ut: 1.28143e-05,Loss_l: 6.039e+00,lam:6.03958e+00,u_tt_norm:1.770e-03, time: 15.47
log_loss_f_min -12.89624332569337 log_loss_min -5.670727118775693
Iter 3000, Loss: 3.40128e-03, Loss_m: 3.25283e-03, Loss_f: 1.39827e-06,Loss_ut: 6.95653e-06,Loss_l: 6.491e+00,lam:6.49135e+00,u_tt_norm:1.935e-03, time: 15.43
log_loss_f_min -13.481694666224346 log_loss_min -5.683831860635024
Iter 4000, Loss: 3.40863e-03, Loss_m: 3.25134e-03, Loss_f: 2.21571e-06,Loss_ut: 6.82795e-06,Loss_l: 6.685e+00,lam:6.68510e+00,u_tt_norm:1.997e-03, time: 15.54
log_loss_f_min -13.722931381372259 log_loss_min -5.688131043393868
Iter 5000, Loss: 3.38775e-03, Loss_m: 3.25057e-03, Loss_f: 9.83637e-07,Loss_ut: 5.97010e-06,Loss_l: 6.765e+00,lam:6.76511e+00,u_tt_norm:2.015e-03, time: 15.43
log_loss_f_min -13.88284746899485 log_loss_min -5.690203963483104
Iter 6000, Loss: 3.37343e-03, Loss_m: 3.24915e-03, Loss_f: 8.88917e-07,Loss_ut: 4.74417e-06,Loss_l: 6.795e+00,lam:6.79504e+00,u_tt_norm:2.020e-03, time: 15.81
log_loss_f_min -13.93908695114123 log_loss_min -5.691824870220098
Iter 7000, Loss: 3.38420e-03, Loss_m: 3.24871e-03, Loss_f: 1.32034e-06,Loss_ut: 5.40750e-06,Loss_l: 6.822e+00,lam:6.82186e+00,u_tt_norm:2.035e-03, time: 15.43
log_loss_f_min -13.997313089686665 log_loss_min -5.69285357427261
Iter 8000, Loss: 3.49588e-03, Loss_m: 3.24854e-03, Loss_f: 8.71043e-06,Loss_ut: 9.20016e-06,Loss_l: 6.824e+00,lam:6.82372e+00,u_tt_norm:2.048e-03, time: 15.40
log_loss_f_min -14.045198174616239 log_loss_min -5.693535932344095
Iter 9000, Loss: 3.84083e-03, Loss_m: 3.24973e-03, Loss_f: 3.08607e-05,Loss_ut: 2.14136e-05,Loss_l: 6.835e+00,lam:6.83462e+00,u_tt_norm:2.028e-03, time: 15.40
log_loss_f_min -14.090669904653033 log_loss_min -5.694230932867438
Iter 10000, Loss: 3.36341e-03, Loss_m: 3.24705e-03, Loss_f: 7.48928e-07,Loss_ut: 4.05585e-06,Loss_l: 6.831e+00,lam:6.83118e+00,u_tt_norm:2.036e-03, time: 15.53
log_loss_f_min -14.116148696839517 log_loss_min -5.694806788704168
u_tt = (-5.838502 )u*u_x(-6)
    + (-0.992678 )u_xxx(-1)
   
mask freezing
Iter 0, Loss: 3.36341e-03, Loss_m: 3.24705e-03, Loss_f: 7.53917e-07,Loss_ut: 4.05098e-06,Loss_l: 6.831e+00,lam:6.83317e+00,u_tt_norm:2.050e-03, time: 0.02
log_loss_f_min -14.097983941064271 log_loss_min -5.694799866222738
Iter 1000, Loss: 3.36245e-03, Loss_m: 3.24676e-03, Loss_f: 7.39768e-07,Loss_ut: 3.99980e-06,Loss_l: 6.829e+00,lam:6.82944e+00,u_tt_norm:2.050e-03, time: 15.59
log_loss_f_min -14.12218401088452 log_loss_min -5.695098545638234
Iter 2000, Loss: 3.36117e-03, Loss_m: 3.24634e-03, Loss_f: 7.23049e-07,Loss_ut: 3.89885e-06,Loss_l: 6.861e+00,lam:6.86122e+00,u_tt_norm:2.050e-03, time: 15.41
log_loss_f_min -14.164990404462632 log_loss_min -5.695581717236922
Iter 3000, Loss: 3.36678e-03, Loss_m: 3.24588e-03, Loss_f: 8.00724e-07,Loss_ut: 4.44081e-06,Loss_l: 6.848e+00,lam:6.84812e+00,u_tt_norm:2.052e-03, time: 15.37
log_loss_f_min -14.18273360227563 log_loss_min -5.695874878465259
Iter 4000, Loss: 3.49396e-03, Loss_m: 3.24648e-03, Loss_f: 9.26596e-06,Loss_ut: 8.63624e-06,Loss_l: 6.846e+00,lam:6.84535e+00,u_tt_norm:2.055e-03, time: 15.72
log_loss_f_min -14.20962377150457 log_loss_min -5.696237447421705
Iter 5000, Loss: 3.36341e-03, Loss_m: 3.24538e-03, Loss_f: 7.50682e-07,Loss_ut: 4.20990e-06,Loss_l: 6.842e+00,lam:6.84200e+00,u_tt_norm:2.047e-03, time: 15.38
log_loss_f_min -14.22124394867536 log_loss_min -5.6966097181327475
Iter 6000, Loss: 3.36654e-03, Loss_m: 3.24516e-03, Loss_f: 1.03928e-06,Loss_ut: 4.25819e-06,Loss_l: 6.841e+00,lam:6.84071e+00,u_tt_norm:2.057e-03, time: 15.47
log_loss_f_min -14.242773280192107 log_loss_min -5.696924755335337
Iter 7000, Loss: 3.53956e-03, Loss_m: 3.25160e-03, Loss_f: 1.30445e-06,Loss_ut: 2.06517e-05,Loss_l: 6.840e+00,lam:6.83980e+00,u_tt_norm:2.059e-03, time: 15.30
log_loss_f_min -14.251738033408131 log_loss_min -5.697162590234081
Iter 8000, Loss: 3.35646e-03, Loss_m: 3.24454e-03, Loss_f: 7.55281e-07,Loss_ut: 3.59757e-06,Loss_l: 6.840e+00,lam:6.83959e+00,u_tt_norm:2.030e-03, time: 15.76
log_loss_f_min -14.280507538271022 log_loss_min -5.697424079634216
Iter 9000, Loss: 3.36077e-03, Loss_m: 3.24452e-03, Loss_f: 9.59258e-07,Loss_ut: 3.82816e-06,Loss_l: 6.838e+00,lam:6.83774e+00,u_tt_norm:2.062e-03, time: 15.32
log_loss_f_min -14.284384349065395 log_loss_min -5.697697647961972
Iter 10000, Loss: 3.35340e-03, Loss_m: 3.24406e-03, Loss_f: 6.65909e-07,Loss_ut: 3.42620e-06,Loss_l: 6.841e+00,lam:6.84152e+00,u_tt_norm:2.062e-03, time: 15.42
log_loss_f_min -14.300771464732886 log_loss_min -5.697906154364301
u_tt = (-5.845933 )u*u_x(-6)
    + (-0.995587 )u_xxx(-1)
   
Iter 0, Loss: 3.36235e-03, Loss_m: 3.24403e-03, Loss_f: 6.48110e-07,Loss_ut: 5.35079e-06,Loss_l: 6.842e+00,lam:6.84252e+00,u_tt_norm:2.063e-03, time: 0.02
log_loss_f_min -14.249205463067145 log_loss_min -5.695116411073284
Iter 1000, Loss: 3.31563e-03, Loss_m: 3.24848e-03, Loss_f: 2.60127e-07,Loss_ut: 4.11380e-06,Loss_l: 6.840e+00,lam:6.84022e+00,u_tt_norm:2.063e-03, time: 15.28
log_loss_f_min -15.16209599021347 log_loss_min -5.7091066742290915
Iter 2000, Loss: 3.84585e-03, Loss_m: 3.25056e-03, Loss_f: 5.21477e-06,Loss_ut: 7.38173e-06,Loss_l: 6.850e+00,lam:6.85019e+00,u_tt_norm:2.056e-03, time: 15.49
log_loss_f_min -15.412095204875232 log_loss_min -5.71077260520923
Iter 3000, Loss: 3.30922e-03, Loss_m: 3.24995e-03, Loss_f: 1.91793e-07,Loss_ut: 4.00864e-06,Loss_l: 6.850e+00,lam:6.85000e+00,u_tt_norm:2.066e-03, time: 15.38
log_loss_f_min -15.564855173989105 log_loss_min -5.711644346561343
Iter 4000, Loss: 3.32412e-03, Loss_m: 3.25010e-03, Loss_f: 3.29690e-07,Loss_ut: 4.10454e-06,Loss_l: 6.848e+00,lam:6.84762e+00,u_tt_norm:2.069e-03, time: 15.50
log_loss_f_min -15.670633742045204 log_loss_min -5.712252651084462
Iter 5000, Loss: 3.30435e-03, Loss_m: 3.25022e-03, Loss_f: 1.49793e-07,Loss_ut: 3.91475e-06,Loss_l: 6.848e+00,lam:6.84806e+00,u_tt_norm:2.064e-03, time: 15.39
log_loss_f_min -15.756509594526761 log_loss_min -5.712708030065329
Iter 6000, Loss: 3.31861e-03, Loss_m: 3.25052e-03, Loss_f: 2.78424e-07,Loss_ut: 4.02452e-06,Loss_l: 6.848e+00,lam:6.84774e+00,u_tt_norm:2.074e-03, time: 15.51
log_loss_f_min -15.825275956159652 log_loss_min -5.713102417837357
Iter 7000, Loss: 3.30154e-03, Loss_m: 3.25029e-03, Loss_f: 1.26973e-07,Loss_ut: 3.85594e-06,Loss_l: 6.847e+00,lam:6.84662e+00,u_tt_norm:2.069e-03, time: 15.64
log_loss_f_min -15.885691438710033 log_loss_min -5.713408025514931
Iter 8000, Loss: 3.38572e-03, Loss_m: 3.25015e-03, Loss_f: 8.82245e-07,Loss_ut: 4.73384e-06,Loss_l: 6.847e+00,lam:6.84727e+00,u_tt_norm:2.078e-03, time: 15.44
log_loss_f_min -15.93687809347567 log_loss_min -5.713754150486428
Iter 9000, Loss: 3.29931e-03, Loss_m: 3.25024e-03, Loss_f: 1.14420e-07,Loss_ut: 3.76295e-06,Loss_l: 6.850e+00,lam:6.84975e+00,u_tt_norm:2.076e-03, time: 15.34
log_loss_f_min -15.984862381523222 log_loss_min -5.714045349391484
Iter 10000, Loss: 3.47857e-03, Loss_m: 3.24994e-03, Loss_f: 1.71838e-06,Loss_ut: 5.67876e-06,Loss_l: 6.848e+00,lam:6.84795e+00,u_tt_norm:2.083e-03, time: 15.36
log_loss_f_min -16.026371395274435 log_loss_min -5.714283550623952
