Current process ID: 7272
/data/home/liuyulong/auto_discovery/kdv/001_G_7272
Using device: cuda:0
load module
load data with noise = 0 Nm = 3000 Nf = 3000
tensor([[True],
        [True],
        [True],
        [True],
        [True],
        [True],
        [True],
        [True],
        [True],
        [True],
        [True],
        [True],
        [True],
        [True],
        [True],
        [True]])
Iter 0, Loss: 1.97370e-01, Loss_m: 5.73450e-02, Loss_f: 4.03537e-03,Loss_ut: 1.39622e-01,Loss_l: 0.000e+00,lam:7.75472e-02,u_tt_norm:4.035e-03, time: 0.32
log_loss_f_min -5.512657986415921 log_loss_min -1.622673137574744
Iter 1000, Loss: 1.37072e-03, Loss_m: 5.10019e-04, Loss_f: 1.46113e-05,Loss_ut: 8.59237e-04,Loss_l: 4.215e+00,lam:4.21700e+00,u_tt_norm:4.035e-03, time: 14.89
log_loss_f_min -11.193858947476752 log_loss_min -6.592421604948494
Iter 2000, Loss: 7.62482e-04, Loss_m: 3.05027e-04, Loss_f: 1.26456e-05,Loss_ut: 4.56191e-04,Loss_l: 4.469e+00,lam:4.47019e+00,u_tt_norm:1.483e-03, time: 14.86
log_loss_f_min -11.344814187275993 log_loss_min -7.17893127577711
Iter 3000, Loss: 5.83655e-04, Loss_m: 2.59550e-04, Loss_f: 1.57017e-05,Loss_ut: 3.22535e-04,Loss_l: 4.723e+00,lam:4.72492e+00,u_tt_norm:1.794e-03, time: 14.89
log_loss_f_min -11.344814187275993 log_loss_min -7.446200358375533
Iter 4000, Loss: 4.87725e-04, Loss_m: 2.33025e-04, Loss_f: 1.95549e-05,Loss_ut: 2.52744e-04,Loss_l: 6.033e+00,lam:6.03355e+00,u_tt_norm:1.863e-03, time: 14.90
log_loss_f_min -11.344814187275993 log_loss_min -7.630340500635592
Iter 5000, Loss: 4.85520e-04, Loss_m: 2.23789e-04, Loss_f: 3.17131e-05,Loss_ut: 2.58559e-04,Loss_l: 8.080e+00,lam:8.08231e+00,u_tt_norm:1.882e-03, time: 15.04
log_loss_f_min -11.344814187275993 log_loss_min -7.760454383329801
u_tt = (0.000365 )
    + (0.004305 )u
    + (-0.038752 )u**2
    + (0.017102 )u**3
    + (-0.784675 )u_x
    + (-1.561534 )u*u_x(-6)
    + (1.385494 )u**2*u_x
    + (2.541633 )u**3*u_x
    + (0.000254 )u_xx.
    + (-0.128269 )u*u_xx
    + (-0.115008 )u**2*u_xx
    + (0.483308 )u**3*u_xx
    + (-0.155135 )u_xxx(-1)
    + (0.275945 )u*u_xxx
    + (0.308182 )u**2*u_xxx
    + (-0.282344 )u**3*u_xxx
   
Iter 0, Loss: 1.46093e-03, Loss_m: 2.18418e-04, Loss_f: 2.85736e-05,Loss_ut: 1.21386e-03,Loss_l: 8.082e+00,lam:8.07530e+00,u_tt_norm:1.880e-03, time: 0.02
log_loss_f_min -10.463025797937062 log_loss_min -6.528679122815419
Iter 1000, Loss: 5.43351e-04, Loss_m: 2.69445e-04, Loss_f: 7.41423e-06,Loss_ut: 2.66414e-04,Loss_l: 7.828e+00,lam:7.82703e+00,u_tt_norm:1.880e-03, time: 15.08
log_loss_f_min -11.849202586516643 log_loss_min -7.52271327542947
Iter 2000, Loss: 4.79854e-04, Loss_m: 2.58324e-04, Loss_f: 7.81512e-06,Loss_ut: 2.13639e-04,Loss_l: 7.572e+00,lam:7.57289e+00,u_tt_norm:2.227e-03, time: 15.01
log_loss_f_min -11.92444571029596 log_loss_min -7.653120134203598
Iter 3000, Loss: 4.47406e-04, Loss_m: 2.50459e-04, Loss_f: 7.35308e-06,Loss_ut: 1.89514e-04,Loss_l: 7.930e+00,lam:7.93050e+00,u_tt_norm:2.246e-03, time: 15.04
log_loss_f_min -11.985414106466784 log_loss_min -7.7193693013167355
Iter 4000, Loss: 4.23546e-04, Loss_m: 2.45580e-04, Loss_f: 5.89499e-06,Loss_ut: 1.71989e-04,Loss_l: 8.194e+00,lam:8.19464e+00,u_tt_norm:2.260e-03, time: 15.03
log_loss_f_min -12.0495572704111 log_loss_min -7.769235316099578
Iter 5000, Loss: 4.16293e-04, Loss_m: 2.46870e-04, Loss_f: 5.96865e-06,Loss_ut: 1.63372e-04,Loss_l: 8.302e+00,lam:8.30290e+00,u_tt_norm:2.264e-03, time: 15.18
log_loss_f_min -12.07478461704338 log_loss_min -7.801929544176043
u_tt = (0.000367 )
    + (-0.022722 )u
    + (0.069905 )u**2
    + (0.004868 )u**3
    + (-0.761677 )u_x
    + (-1.841945 )u*u_x(-6)
    + (1.739657 )u**2*u_x
    + (2.420688 )u**3*u_x
    + (0.004018 )u_xx.
    + (-0.050226 )u*u_xx
    + (0.229552 )u**2*u_xx
    + (-0.116297 )u**3*u_xx
    + (-0.146035 )u_xxx(-1)
    + (-0.101614 )u*u_xxx
    + (0.730558 )u**2*u_xxx
    + (0.062767 )u**3*u_xxx
   
Iter 0, Loss: 4.85020e-04, Loss_m: 2.43322e-04, Loss_f: 5.92506e-06,Loss_ut: 2.34943e-04,Loss_l: 8.303e+00,lam:8.30093e+00,u_tt_norm:2.251e-03, time: 0.03
log_loss_f_min -12.036320184230217 log_loss_min -7.631319608884511
Iter 1000, Loss: 4.38197e-04, Loss_m: 2.51884e-04, Loss_f: 5.63011e-06,Loss_ut: 1.79948e-04,Loss_l: 7.350e+00,lam:7.34881e+00,u_tt_norm:2.251e-03, time: 15.02
log_loss_f_min -12.13710114234265 log_loss_min -7.735896667997386
Iter 2000, Loss: 4.22242e-04, Loss_m: 2.51196e-04, Loss_f: 5.81194e-06,Loss_ut: 1.64610e-04,Loss_l: 6.246e+00,lam:6.24501e+00,u_tt_norm:2.341e-03, time: 14.98
log_loss_f_min -12.13710114234265 log_loss_min -7.773250118910221
Iter 3000, Loss: 4.10431e-04, Loss_m: 2.47666e-04, Loss_f: 6.14537e-06,Loss_ut: 1.56058e-04,Loss_l: 5.612e+00,lam:5.61133e+00,u_tt_norm:2.346e-03, time: 14.95
log_loss_f_min -12.13710114234265 log_loss_min -7.805848467137258
Iter 4000, Loss: 4.05578e-04, Loss_m: 2.47367e-04, Loss_f: 6.14977e-06,Loss_ut: 1.51506e-04,Loss_l: 5.550e+00,lam:5.55042e+00,u_tt_norm:2.354e-03, time: 15.18
log_loss_f_min -12.13710114234265 log_loss_min -7.83221536315783
Iter 5000, Loss: 4.08343e-04, Loss_m: 2.49335e-04, Loss_f: 6.44088e-06,Loss_ut: 1.52013e-04,Loss_l: 5.536e+00,lam:5.53582e+00,u_tt_norm:2.365e-03, time: 15.03
log_loss_f_min -12.13710114234265 log_loss_min -7.8558386188097575
Iter 6000, Loss: 3.81909e-04, Loss_m: 2.43595e-04, Loss_f: 5.94075e-06,Loss_ut: 1.31824e-04,Loss_l: 5.494e+00,lam:5.49358e+00,u_tt_norm:2.361e-03, time: 14.96
log_loss_f_min -12.13710114234265 log_loss_min -7.875096132470723
Iter 7000, Loss: 3.75342e-04, Loss_m: 2.42375e-04, Loss_f: 5.88351e-06,Loss_ut: 1.26541e-04,Loss_l: 5.428e+00,lam:5.42838e+00,u_tt_norm:2.357e-03, time: 14.98
log_loss_f_min -12.13710114234265 log_loss_min -7.891210728328869
Iter 8000, Loss: 3.68856e-04, Loss_m: 2.40902e-04, Loss_f: 6.06821e-06,Loss_ut: 1.21350e-04,Loss_l: 5.354e+00,lam:5.35437e+00,u_tt_norm:2.361e-03, time: 14.96
log_loss_f_min -12.13710114234265 log_loss_min -7.908113116991258
Iter 9000, Loss: 3.62749e-04, Loss_m: 2.39727e-04, Loss_f: 5.48056e-06,Loss_ut: 1.17012e-04,Loss_l: 5.290e+00,lam:5.28994e+00,u_tt_norm:2.362e-03, time: 15.20
log_loss_f_min -12.13710114234265 log_loss_min -7.921866477151993
Iter 10000, Loss: 3.58878e-04, Loss_m: 2.38658e-04, Loss_f: 5.31271e-06,Loss_ut: 1.14382e-04,Loss_l: 5.245e+00,lam:5.24538e+00,u_tt_norm:2.363e-03, time: 14.99
log_loss_f_min -12.150089114622576 log_loss_min -7.932636426283801
Train 1
tensor([ 0.0003, -0.0003,  0.0006,  0.0006,  0.0017, -0.0021], device='cuda:0',
       grad_fn=<IndexBackward0>)
prev_mask tensor([[False],
        [False],
        [False],
        [False],
        [False],
        [False],
        [False],
        [False],
        [False],
        [False],
        [False],
        [False],
        [False],
        [False],
        [False],
        [False]], device='cuda:0')
mask tensor([[ True],
        [False],
        [False],
        [ True],
        [False],
        [False],
        [False],
        [False],
        [False],
        [False],
        [ True],
        [ True],
        [False],
        [False],
        [ True],
        [ True]], device='cuda:0')
Pruning the smallest 6 weights for lambda_1.
Iter 0, Loss: 1.48944e-03, Loss_m: 2.38652e-04, Loss_f: 5.33375e-06,Loss_ut: 1.14505e-04,Loss_l: 5.240e+00,lam:5.23381e+00,u_tt_norm:2.368e-03, time: 0.03
log_loss_f_min -12.141455259783585 log_loss_min -6.50935383199737
Iter 1000, Loss: 1.21915e-03, Loss_m: 3.95462e-04, Loss_f: 4.15626e-06,Loss_ut: 7.49453e-05,Loss_l: 3.267e+00,lam:3.26521e+00,u_tt_norm:2.368e-03, time: 15.10
log_loss_f_min -12.39250101403024 log_loss_min -6.7765991144296365
Iter 2000, Loss: 1.12360e-03, Loss_m: 3.99991e-04, Loss_f: 4.10121e-06,Loss_ut: 6.60695e-05,Loss_l: 2.190e+00,lam:2.18947e+00,u_tt_norm:2.329e-03, time: 15.03
log_loss_f_min -12.424624826356556 log_loss_min -6.818568847669832
Iter 3000, Loss: 1.06374e-03, Loss_m: 4.02338e-04, Loss_f: 3.93684e-06,Loss_ut: 6.01671e-05,Loss_l: 2.036e+00,lam:2.03583e+00,u_tt_norm:2.361e-03, time: 15.14
log_loss_f_min -12.45959245523559 log_loss_min -6.846242625068715
Iter 4000, Loss: 1.06575e-03, Loss_m: 4.02744e-04, Loss_f: 3.86590e-06,Loss_ut: 6.04687e-05,Loss_l: 1.966e+00,lam:1.96625e+00,u_tt_norm:2.376e-03, time: 15.17
log_loss_f_min -12.47789457015119 log_loss_min -6.8664180456591435
Iter 5000, Loss: 1.03860e-03, Loss_m: 4.05182e-04, Loss_f: 3.93906e-06,Loss_ut: 5.74842e-05,Loss_l: 1.919e+00,lam:1.91888e+00,u_tt_norm:2.390e-03, time: 15.16
log_loss_f_min -12.490969871244294 log_loss_min -6.885904845410457
Iter 6000, Loss: 1.00764e-03, Loss_m: 4.02420e-04, Loss_f: 3.87441e-06,Loss_ut: 5.47705e-05,Loss_l: 1.877e+00,lam:1.87711e+00,u_tt_norm:2.381e-03, time: 15.04
log_loss_f_min -12.496963915783585 log_loss_min -6.9033798019336885
Iter 7000, Loss: 1.00479e-03, Loss_m: 4.04022e-04, Loss_f: 3.77775e-06,Loss_ut: 5.44564e-05,Loss_l: 1.843e+00,lam:1.84266e+00,u_tt_norm:2.392e-03, time: 15.04
log_loss_f_min -12.502820936573817 log_loss_min -6.918948931131968
Iter 8000, Loss: 1.10159e-03, Loss_m: 4.08373e-04, Loss_f: 3.74859e-06,Loss_ut: 6.37631e-05,Loss_l: 1.810e+00,lam:1.80980e+00,u_tt_norm:2.390e-03, time: 15.00
log_loss_f_min -12.505291891566193 log_loss_min -6.931763016687014
Iter 9000, Loss: 1.02792e-03, Loss_m: 3.99762e-04, Loss_f: 3.73462e-06,Loss_ut: 5.73089e-05,Loss_l: 1.772e+00,lam:1.77379e+00,u_tt_norm:2.388e-03, time: 15.00
log_loss_f_min -12.508386688947313 log_loss_min -6.945653731138227
Iter 10000, Loss: 9.85226e-04, Loss_m: 4.03428e-04, Loss_f: 3.84312e-06,Loss_ut: 5.25894e-05,Loss_l: 1.747e+00,lam:1.74710e+00,u_tt_norm:2.387e-03, time: 15.15
log_loss_f_min -12.518177148112983 log_loss_min -6.959931680828036
u_tt = (-0.005225 )u
    + (0.019656 )u**2
    + (-0.857030 )u_x
    + (-0.683841 )u*u_x(-6)
    + (0.000114 )u**2*u_x
    + (-0.000070 )u**3*u_x
    + (0.000036 )u_xx.
    + (0.000063 )u*u_xx
    + (-0.086550 )u_xxx(-1)
    + (-0.094511 )u*u_xxx
   
tensor([ 3.6283e-05,  6.3339e-05, -7.0075e-05,  1.1444e-04, -5.2246e-03,
         1.9656e-02], device='cuda:0', grad_fn=<IndexBackward0>)
prev_mask tensor([[ True],
        [False],
        [False],
        [ True],
        [False],
        [False],
        [False],
        [False],
        [False],
        [False],
        [ True],
        [ True],
        [False],
        [False],
        [ True],
        [ True]], device='cuda:0')
mask tensor([[ True],
        [ True],
        [ True],
        [ True],
        [False],
        [False],
        [ True],
        [ True],
        [ True],
        [ True],
        [ True],
        [ True],
        [False],
        [False],
        [ True],
        [ True]], device='cuda:0')
Pruning the smallest 6 weights for lambda_1.
Iter 0, Loss: 9.82604e-04, Loss_m: 3.98603e-04, Loss_f: 4.14666e-06,Loss_ut: 5.25315e-05,Loss_l: 1.722e+00,lam:1.72193e+00,u_tt_norm:2.386e-03, time: 0.02
log_loss_f_min -12.393207561462852 log_loss_min -6.925304141096506
Iter 1000, Loss: 1.02999e-03, Loss_m: 4.07792e-04, Loss_f: 3.74489e-06,Loss_ut: 5.68154e-05,Loss_l: 1.659e+00,lam:1.65942e+00,u_tt_norm:2.386e-03, time: 15.08
log_loss_f_min -12.544400833664927 log_loss_min -6.965775181522802
Iter 2000, Loss: 9.40275e-04, Loss_m: 3.95796e-04, Loss_f: 3.75674e-06,Loss_ut: 4.90861e-05,Loss_l: 1.605e+00,lam:1.60499e+00,u_tt_norm:2.382e-03, time: 15.26
log_loss_f_min -12.544400833664927 log_loss_min -6.97444830404269
Iter 3000, Loss: 9.49586e-04, Loss_m: 3.99174e-04, Loss_f: 3.75566e-06,Loss_ut: 4.97153e-05,Loss_l: 1.570e+00,lam:1.57009e+00,u_tt_norm:2.393e-03, time: 14.96
log_loss_f_min -12.544400833664927 log_loss_min -6.9824818737306815
Iter 4000, Loss: 9.22219e-04, Loss_m: 3.93345e-04, Loss_f: 3.72892e-06,Loss_ut: 4.76223e-05,Loss_l: 1.536e+00,lam:1.53613e+00,u_tt_norm:2.378e-03, time: 15.01
log_loss_f_min -12.544400833664927 log_loss_min -6.99144674298751
Iter 5000, Loss: 9.19397e-04, Loss_m: 3.95294e-04, Loss_f: 3.64882e-06,Loss_ut: 4.72559e-05,Loss_l: 1.506e+00,lam:1.50555e+00,u_tt_norm:2.388e-03, time: 14.99
log_loss_f_min -12.544400833664927 log_loss_min -7.001969438015322
Iter 6000, Loss: 8.99739e-04, Loss_m: 3.93252e-04, Loss_f: 3.62976e-06,Loss_ut: 4.55266e-05,Loss_l: 1.492e+00,lam:1.49211e+00,u_tt_norm:2.380e-03, time: 15.03
log_loss_f_min -12.544400833664927 log_loss_min -7.013405922077472
Iter 7000, Loss: 9.19881e-04, Loss_m: 3.95378e-04, Loss_f: 3.62062e-06,Loss_ut: 4.73428e-05,Loss_l: 1.487e+00,lam:1.48721e+00,u_tt_norm:2.381e-03, time: 15.13
log_loss_f_min -12.546518114397326 log_loss_min -7.020979264898539
Iter 8000, Loss: 8.95118e-04, Loss_m: 3.90144e-04, Loss_f: 3.71238e-06,Loss_ut: 4.52971e-05,Loss_l: 1.488e+00,lam:1.48901e+00,u_tt_norm:2.371e-03, time: 15.30
log_loss_f_min -12.556171640284148 log_loss_min -7.029962391541921
Iter 9000, Loss: 9.33432e-04, Loss_m: 3.89184e-04, Loss_f: 3.67748e-06,Loss_ut: 4.92703e-05,Loss_l: 1.477e+00,lam:1.47797e+00,u_tt_norm:2.378e-03, time: 15.27
log_loss_f_min -12.563878522038497 log_loss_min -7.037324140763635
Iter 10000, Loss: 8.84759e-04, Loss_m: 3.90286e-04, Loss_f: 3.50914e-06,Loss_ut: 4.44560e-05,Loss_l: 1.482e+00,lam:1.48202e+00,u_tt_norm:2.375e-03, time: 15.25
log_loss_f_min -12.572622023846705 log_loss_min -7.044403841066781
u_tt = (-0.869943 )u_x
    + (-0.530546 )u*u_x(-6)
    + (-0.081499 )u_xxx(-1)
    + (-0.000035 )u*u_xxx
   
